<?xml version="1.0" encoding="UTF-8"?>
<!-- Generated by org.testng.reporters.JUnitReportReporter -->
<testsuite hostname="DESKTOP-JEHOL2V" failures="0" tests="1" name="com.hanapos.OrderEntry_Alais_PhoneOrderTest.Hana_T101_Pickup_CustomerSection_Edit_Customer_CustomerDetails_CreditCard_AddNewCard_FT" time="71.191" errors="0" timestamp="2024-07-29T14:36:30 IST" skipped="0">
  <testcase classname="com.hanapos.OrderEntry_Alais_PhoneOrderTest.Hana_T101_Pickup_CustomerSection_Edit_Customer_CustomerDetails_CreditCard_AddNewCard_FT" name="Validate_Hana_T101_Pickup_CustomerSection_Edit_Customer_CustomerDetails_CreditCard_AddNewCard_Test" time="71.191"/>
</testsuite> <!-- com.hanapos.OrderEntry_Alais_PhoneOrderTest.Hana_T101_Pickup_CustomerSection_Edit_Customer_CustomerDetails_CreditCard_AddNewCard_FT -->
