<?xml version="1.0" encoding="UTF-8"?>
<!-- Generated by org.testng.reporters.JUnitReportReporter -->
<testsuite hostname="DESKTOP-JEHOL2V" failures="0" tests="1" name="com.hanapos.OrderEntry_Alais_PickUp_PhoneOrder_Testcases.Hana_T138_Pickup_CustomerSection_Edit_Customer_CustomerDetails_Statements_LessThanOneMonthCustomer_FT" time="93.235" errors="0" timestamp="2024-08-29T19:32:40 IST" skipped="0">
  <testcase classname="com.hanapos.OrderEntry_Alais_PickUp_PhoneOrder_Testcases.Hana_T138_Pickup_CustomerSection_Edit_Customer_CustomerDetails_Statements_LessThanOneMonthCustomer_FT" name="Validate_Hana_T138_Pickup_CustomerSection_Edit_Customer_CustomerDetails_Statements_LessThanOneMonthCustomer_Functionality_Test" time="93.235"/>
</testsuite> <!-- com.hanapos.OrderEntry_Alais_PickUp_PhoneOrder_Testcases.Hana_T138_Pickup_CustomerSection_Edit_Customer_CustomerDetails_Statements_LessThanOneMonthCustomer_FT -->
