<?xml version="1.0" encoding="UTF-8"?>
<!-- Generated by org.testng.reporters.JUnitReportReporter -->
<testsuite hostname="DESKTOP-JEHOL2V" failures="0" tests="1" name="com.hanapos.OrderEntry_Alais_PhoneOrderTest.Hana_T90_Pickup_CustomerSection_AddressLookup_FT" time="95.744" errors="0" timestamp="2024-07-10T15:12:01 IST" skipped="0">
  <testcase classname="com.hanapos.OrderEntry_Alais_PhoneOrderTest.Hana_T90_Pickup_CustomerSection_AddressLookup_FT" name="Validate_Pickup_CustomerSection_AddressLookup_Test" time="95.744"/>
</testsuite> <!-- com.hanapos.OrderEntry_Alais_PhoneOrderTest.Hana_T90_Pickup_CustomerSection_AddressLookup_FT -->
