<?xml version="1.0" encoding="UTF-8"?>
<!-- Generated by org.testng.reporters.JUnitReportReporter -->
<testsuite hostname="DESKTOP-JEHOL2V" failures="0" tests="1" name="com.hanapos.OrderEntry_Alais_PickUp_PhoneOrder_Testcases.Hana_T109_Pickup_CustomerSection_Edit_Customer_CustomerDetails_UnPaidInvoice_Delivery_Search_Filter_FT" time="78.992" errors="0" timestamp="2024-09-12T17:27:16 IST" skipped="0">
  <testcase classname="com.hanapos.OrderEntry_Alais_PickUp_PhoneOrder_Testcases.Hana_T109_Pickup_CustomerSection_Edit_Customer_CustomerDetails_UnPaidInvoice_Delivery_Search_Filter_FT" name="Validate_Hana_T109_Pickup_CustomerSection_Edit_Customer_CustomerDetails_UnPaidInvoice_Delivery_Search_Filter_Test" time="78.992"/>
</testsuite> <!-- com.hanapos.OrderEntry_Alais_PickUp_PhoneOrder_Testcases.Hana_T109_Pickup_CustomerSection_Edit_Customer_CustomerDetails_UnPaidInvoice_Delivery_Search_Filter_FT -->
