<?xml version="1.0" encoding="UTF-8"?>
<!-- Generated by org.testng.reporters.JUnitReportReporter -->
<testsuite hostname="DESKTOP-JEHOL2V" failures="0" tests="1" name="com.hanapos.OrderEntry_Alais_PhoneOrderTest.Hana_T91_Pickup_CustomerSection_FirstNameFieldLookup_FT" time="53.137" errors="0" timestamp="2024-07-10T16:07:57 IST" skipped="0">
  <testcase classname="com.hanapos.OrderEntry_Alais_PhoneOrderTest.Hana_T91_Pickup_CustomerSection_FirstNameFieldLookup_FT" name="Validate_Pickup_CustomerSection_FirstNameFieldLookup_Test" time="53.137"/>
</testsuite> <!-- com.hanapos.OrderEntry_Alais_PhoneOrderTest.Hana_T91_Pickup_CustomerSection_FirstNameFieldLookup_FT -->
