<?xml version="1.0" encoding="UTF-8"?>
<!-- Generated by org.testng.reporters.JUnitReportReporter -->
<testsuite hostname="DESKTOP-JEHOL2V" failures="0" tests="1" name="com.hanapos.OrderEntry_Alais_PickUp_PhoneOrderTest.Hana_T118_Pickup_CustomerSection_Edit_Customer_CustomerDetails_UnPaidInvoice_ExportToExcel_FT" time="58.181" errors="0" timestamp="2024-08-26T14:12:07 IST" skipped="0">
  <testcase classname="com.hanapos.OrderEntry_Alais_PickUp_PhoneOrderTest.Hana_T118_Pickup_CustomerSection_Edit_Customer_CustomerDetails_UnPaidInvoice_ExportToExcel_FT" name="Validate_Hana_T118_Pickup_CustomerSection_Edit_Customer_CustomerDetails_UnPaidInvoice_ExportToExcel_Functionality_Test" time="58.181"/>
</testsuite> <!-- com.hanapos.OrderEntry_Alais_PickUp_PhoneOrderTest.Hana_T118_Pickup_CustomerSection_Edit_Customer_CustomerDetails_UnPaidInvoice_ExportToExcel_FT -->
