<?xml version="1.0" encoding="UTF-8"?>
<!-- Generated by org.testng.reporters.JUnitReportReporter -->
<testsuite hostname="DESKTOP-JEHOL2V" failures="0" tests="1" name="com.hanapos.OrderEntry_Alais_PickUp_PhoneOrder_Testcases.Hana_T095_Pickup_CustomerSection_AltPhoneNumberFieldLookup_FT" time="57.192" errors="0" timestamp="2024-09-05T11:09:57 IST" skipped="0">
  <testcase classname="com.hanapos.OrderEntry_Alais_PickUp_PhoneOrder_Testcases.Hana_T095_Pickup_CustomerSection_AltPhoneNumberFieldLookup_FT" name="Validate_Hana_T095_Pickup_CustomerSection_AltPhoneNumberFieldLookup_Test" time="57.192"/>
</testsuite> <!-- com.hanapos.OrderEntry_Alais_PickUp_PhoneOrder_Testcases.Hana_T095_Pickup_CustomerSection_AltPhoneNumberFieldLookup_FT -->
