<?xml version="1.0" encoding="UTF-8"?>
<!-- Generated by org.testng.reporters.JUnitReportReporter -->
<testsuite hostname="DESKTOP-JEHOL2V" failures="0" tests="1" name="com.hanapos.OrderEntry_Alais_PickUp_PhoneOrderTest.Hana_T197_OrderEntryPage_Pickup_ProductSection_CreateRecipe_MarkupSettings_Functionality" time="117.648" errors="0" timestamp="2024-08-26T12:41:33 IST" skipped="0">
  <testcase classname="com.hanapos.OrderEntry_Alais_PickUp_PhoneOrderTest.Hana_T197_OrderEntryPage_Pickup_ProductSection_CreateRecipe_MarkupSettings_Functionality" name="Validate_Hana_T197_OrderEntryPage_Pickup_ProductSection_CreateRecipe_MarkupSettings_Functionality_Test" time="117.648"/>
</testsuite> <!-- com.hanapos.OrderEntry_Alais_PickUp_PhoneOrderTest.Hana_T197_OrderEntryPage_Pickup_ProductSection_CreateRecipe_MarkupSettings_Functionality -->
