<?xml version="1.0" encoding="UTF-8"?>
<!-- Generated by org.testng.reporters.JUnitReportReporter -->
<testsuite hostname="DESKTOP-JEHOL2V" failures="0" tests="1" name="com.hanapos.OrderEntry_Alais_PickUp_PhoneOrder_Testcases.Hana_T120_Pickup_CustomerSection_Edit_Customer_CustomerDetails_PaymentDetails_InvoiceSearchFilter_FT" time="77.600" errors="0" timestamp="2024-09-13T15:19:11 IST" skipped="0">
  <testcase classname="com.hanapos.OrderEntry_Alais_PickUp_PhoneOrder_Testcases.Hana_T120_Pickup_CustomerSection_Edit_Customer_CustomerDetails_PaymentDetails_InvoiceSearchFilter_FT" name="Validate_Hana_T120_Pickup_CustomerSection_Edit_Customer_CustomerDetails_PaymentDetails_InvoiceSearchFilter_FunctionalityTest" time="77.600"/>
</testsuite> <!-- com.hanapos.OrderEntry_Alais_PickUp_PhoneOrder_Testcases.Hana_T120_Pickup_CustomerSection_Edit_Customer_CustomerDetails_PaymentDetails_InvoiceSearchFilter_FT -->
