<?xml version="1.0" encoding="UTF-8"?>
<!-- Generated by org.testng.reporters.JUnitReportReporter -->
<testsuite hostname="DESKTOP-JEHOL2V" failures="0" tests="4" name="com.hanapos.testCases.TC_002_CashAndCarryTest" time="43.594" errors="0" timestamp="2024-06-10T13:41:46 IST" skipped="3">
  <testcase classname="com.hanapos.testCases.TC_002_CashAndCarryTest" name="ValidateChooseDefaultValuesFunctionality" time="43.594"/>
  <testcase classname="com.hanapos.testCases.TC_002_CashAndCarryTest" name="ValidateCashAndCarryUIElementTest">
    <skipped/>
  </testcase> <!-- ValidateCashAndCarryUIElementTest -->
  <testcase classname="com.hanapos.testCases.TC_002_CashAndCarryTest" name="ValidateCashAndCarryTest">
    <skipped/>
  </testcase> <!-- ValidateCashAndCarryTest -->
  <testcase classname="com.hanapos.testCases.TC_002_CashAndCarryTest" name="ValidateCashAndCarryWithoutSelectingShopNameOnDashBoardTest">
    <skipped/>
  </testcase> <!-- ValidateCashAndCarryWithoutSelectingShopNameOnDashBoardTest -->
</testsuite> <!-- com.hanapos.testCases.TC_002_CashAndCarryTest -->
