<?xml version="1.0" encoding="UTF-8"?>
<!-- Generated by org.testng.reporters.JUnitReportReporter -->
<testsuite hostname="DESKTOP-JEHOL2V" failures="0" tests="1" name="com.hanapos.cashandcarrytest.Hana_T69_Add_Product_Without_Customer_FT" time="85.941" errors="0" timestamp="2024-08-22T18:39:52 IST" skipped="0">
  <testcase classname="com.hanapos.cashandcarrytest.Hana_T69_Add_Product_Without_Customer_FT" name="Validate_Hana_T69_Add_Product_Without_Customer_Test" time="85.941"/>
</testsuite> <!-- com.hanapos.cashandcarrytest.Hana_T69_Add_Product_Without_Customer_FT -->
