<?xml version="1.0" encoding="UTF-8"?>
<!-- Generated by org.testng.reporters.JUnitReportReporter -->
<testsuite hostname="DESKTOP-JEHOL2V" failures="0" tests="1" name="com.hanapos.OrderEntry_Alais_PickUp_PhoneOrder_Testcases.Hana_T216__OrderEntryPage_Pickup_Payment_Section_AnyPayment_Functionality" time="113.049" errors="0" timestamp="2024-08-29T16:12:55 IST" skipped="0">
  <testcase classname="com.hanapos.OrderEntry_Alais_PickUp_PhoneOrder_Testcases.Hana_T216__OrderEntryPage_Pickup_Payment_Section_AnyPayment_Functionality" name="Validate_Hana_T216__OrderEntryPage_Pickup_Payment_Section_AnyPayment_Functionality_Test" time="113.049"/>
</testsuite> <!-- com.hanapos.OrderEntry_Alais_PickUp_PhoneOrder_Testcases.Hana_T216__OrderEntryPage_Pickup_Payment_Section_AnyPayment_Functionality -->
