<?xml version="1.0" encoding="UTF-8"?>
<!-- Generated by org.testng.reporters.JUnitReportReporter -->
<testsuite hostname="DESKTOP-JEHOL2V" failures="0" tests="1" name="com.hanapos.OrderEntry_Alais_DeliveryType_PhoneOrder_Testcases.Hana_T326_OrderEntryPage_Delivery_CustomerSection_Edit_Customer_CustomerDetails_PaymentDetails_ExportToExcel_FT" time="83.905" errors="0" timestamp="2024-09-13T15:14:11 IST" skipped="0">
  <testcase classname="com.hanapos.OrderEntry_Alais_DeliveryType_PhoneOrder_Testcases.Hana_T326_OrderEntryPage_Delivery_CustomerSection_Edit_Customer_CustomerDetails_PaymentDetails_ExportToExcel_FT" name="Validate_Hana_T326_OrderEntryPage_Delivery_CustomerSection_Edit_Customer_CustomerDetails_PaymentDetails_ExportToExcel_Functionality_Test" time="83.905"/>
</testsuite> <!-- com.hanapos.OrderEntry_Alais_DeliveryType_PhoneOrder_Testcases.Hana_T326_OrderEntryPage_Delivery_CustomerSection_Edit_Customer_CustomerDetails_PaymentDetails_ExportToExcel_FT -->
