<?xml version="1.0" encoding="UTF-8"?>
<!-- Generated by org.testng.reporters.JUnitReportReporter -->
<testsuite hostname="DESKTOP-JEHOL2V" failures="0" tests="1" name="com.hanapos.OrderEntry_Alais_PickUp_PhoneOrder_Testcases.Hana_T221_OrderEntryPage_Pickup_Payment_Section_Marigold_Functionality" time="113.781" errors="0" timestamp="2024-08-29T17:20:39 IST" skipped="0">
  <testcase classname="com.hanapos.OrderEntry_Alais_PickUp_PhoneOrder_Testcases.Hana_T221_OrderEntryPage_Pickup_Payment_Section_Marigold_Functionality" name="Validate_Hana_T221_OrderEntryPage_Pickup_Payment_Section_Marigold_Functionality_Test" time="113.781"/>
</testsuite> <!-- com.hanapos.OrderEntry_Alais_PickUp_PhoneOrder_Testcases.Hana_T221_OrderEntryPage_Pickup_Payment_Section_Marigold_Functionality -->
