<?xml version="1.0" encoding="UTF-8"?>
<!-- Generated by org.testng.reporters.JUnitReportReporter -->
<testsuite hostname="DESKTOP-JEHOL2V" failures="1" tests="1" name="com.hanapos.OrderEntry_Alais_PickUp_PhoneOrderTest.Hana_T155_OrderEntryPage_Pickup_RecipientSection_SaveFuneral_FT" time="105.523" errors="0" timestamp="2024-08-26T14:12:07 IST" skipped="0">
  <testcase classname="com.hanapos.OrderEntry_Alais_PickUp_PhoneOrderTest.Hana_T155_OrderEntryPage_Pickup_RecipientSection_SaveFuneral_FT" name="Validate_Hana_T155_OrderEntryPage_Pickup_RecipientSection_SaveFuneral_Functionality_Test" time="105.523">
    <failure message="The following asserts failed:
	Test Step - 8 - Recipient phone number is not matched with customer phonenumber 1 field on phone order page recipient section expected [956-444-0756] but found [],
	Test Step - 8 - Recipient alt phone number is not matched with customer phonenumber2 on phone order page recipient section expected [956-444-0756] but found [],
	Test Step - 22 - Delivery Time Compared with recipient section saved information is not matched with configuration order entry menu funeral log submenu expected [05:30 pm] but found [],
	Test Step - 22 - Delivery On Compared with recipient section saved information is not matched with configuration order entry menu funeral log submenu expected [Exactly At] but found [],
	Test Step - 22 - Delivery Address 1 Compared with recipient section saved information is not matched with configuration order entry menu funeral log submenu expected [114 N CHURCH ST] but found [1160 W 5th St],
	Test Step - 23 - Delivery Date Compared with recipient section saved information is not displayed on configuration order entry menu funeral log submenu expected [08/26/2024] but found [08/26/2024          ],
	Test Step - 23 - Delivery Address 1 Compared with recipient section saved information is not displayed on configuration order entry menu funeral log submenu expected [114 N CHURCH ST] but found [1160 W 5th St]" type="java.lang.AssertionError">
      <![CDATA[java.lang.AssertionError: The following asserts failed:
Test Step - 8 - Recipient phone number is not matched with customer phonenumber 1 field on phone order page recipient section expected [956-444-0756] but found [],
Test Step - 8 - Recipient alt phone number is not matched with customer phonenumber2 on phone order page recipient section expected [956-444-0756] but found [],
Test Step - 22 - Delivery Time Compared with recipient section saved information is not matched with configuration order entry menu funeral log submenu expected [05:30 pm] but found [],
Test Step - 22 - Delivery On Compared with recipient section saved information is not matched with configuration order entry menu funeral log submenu expected [Exactly At] but found [],
Test Step - 22 - Delivery Address 1 Compared with recipient section saved information is not matched with configuration order entry menu funeral log submenu expected [114 N CHURCH ST] but found [1160 W 5th St],
Test Step - 23 - Delivery Date Compared with recipient section saved information is not displayed on configuration order entry menu funeral log submenu expected [08/26/2024] but found [08/26/2024          ],
Test Step - 23 - Delivery Address 1 Compared with recipient section saved information is not displayed on configuration order entry menu funeral log submenu expected [114 N CHURCH ST] but found [1160 W 5th St]
at org.testng.asserts.SoftAssert.assertAll(SoftAssert.java:46)
at org.testng.asserts.SoftAssert.assertAll(SoftAssert.java:30)
at com.hanapos.OrderEntry_Alais_PickUp_PhoneOrderTest.Hana_T155_OrderEntryPage_Pickup_RecipientSection_SaveFuneral_FT.Validate_Hana_T155_OrderEntryPage_Pickup_RecipientSection_SaveFuneral_Functionality_Test(Hana_T155_OrderEntryPage_Pickup_RecipientSection_SaveFuneral_FT.java:196)
at java.base/jdk.internal.reflect.DirectMethodHandleAccessor.invoke(DirectMethodHandleAccessor.java:103)
at java.base/java.lang.reflect.Method.invoke(Method.java:580)
at org.testng.internal.invokers.MethodInvocationHelper.invokeMethod(MethodInvocationHelper.java:141)
at org.testng.internal.invokers.TestInvoker.invokeMethod(TestInvoker.java:686)
at org.testng.internal.invokers.TestInvoker.invokeTestMethod(TestInvoker.java:230)
at org.testng.internal.invokers.MethodRunner.runInSequence(MethodRunner.java:63)
at org.testng.internal.invokers.TestInvoker$MethodInvocationAgent.invoke(TestInvoker.java:992)
at org.testng.internal.invokers.TestInvoker.invokeTestMethods(TestInvoker.java:203)
at org.testng.internal.invokers.TestMethodWorker.invokeTestMethods(TestMethodWorker.java:154)
at org.testng.internal.invokers.TestMethodWorker.run(TestMethodWorker.java:134)
at java.base/java.util.concurrent.Executors$RunnableAdapter.call(Executors.java:572)
at java.base/java.util.concurrent.FutureTask.run(FutureTask.java:317)
at org.testng.internal.thread.graph.TestNGFutureTask.run(TestNGFutureTask.java:22)
at java.base/java.util.concurrent.ThreadPoolExecutor.runWorker(ThreadPoolExecutor.java:1144)
at java.base/java.util.concurrent.ThreadPoolExecutor$Worker.run(ThreadPoolExecutor.java:642)
at java.base/java.lang.Thread.run(Thread.java:1583)
]]>
    </failure>
  </testcase> <!-- Validate_Hana_T155_OrderEntryPage_Pickup_RecipientSection_SaveFuneral_Functionality_Test -->
</testsuite> <!-- com.hanapos.OrderEntry_Alais_PickUp_PhoneOrderTest.Hana_T155_OrderEntryPage_Pickup_RecipientSection_SaveFuneral_FT -->
