<?xml version="1.0" encoding="UTF-8"?>
<!-- Generated by org.testng.reporters.JUnitReportReporter -->
<testsuite hostname="DESKTOP-JEHOL2V" failures="0" tests="1" name="com.hanapos.OrderEntry_Alais_PickUp_PhoneOrderTest.Hana_T082_Pickup_Functionality_with_New_customer_FT" time="176.136" errors="0" timestamp="2024-08-19T18:23:01 IST" skipped="0">
  <testcase classname="com.hanapos.OrderEntry_Alais_PickUp_PhoneOrderTest.Hana_T082_Pickup_Functionality_with_New_customer_FT" name="Validate_Hana_T082_Pickup_Functionality_with_New_customer_Test" time="176.136"/>
</testsuite> <!-- com.hanapos.OrderEntry_Alais_PickUp_PhoneOrderTest.Hana_T082_Pickup_Functionality_with_New_customer_FT -->
