<?xml version="1.0" encoding="UTF-8"?>
<!-- Generated by org.testng.reporters.JUnitReportReporter -->
<testsuite hostname="DESKTOP-JEHOL2V" failures="0" tests="1" name="com.hanapos.cashandcarrytest.Hana_T56_Payments_Invoice_Payment_Secion_FT" time="71.630" errors="0" timestamp="2024-07-01T13:16:15 IST" skipped="0">
  <testcase classname="com.hanapos.cashandcarrytest.Hana_T56_Payments_Invoice_Payment_Secion_FT" name="Validate_Payments_Split_Payment_Test" time="71.630"/>
</testsuite> <!-- com.hanapos.cashandcarrytest.Hana_T56_Payments_Invoice_Payment_Secion_FT -->
