<?xml version="1.0" encoding="UTF-8"?>
<!-- Generated by org.testng.reporters.JUnitReportReporter -->
<testsuite hostname="DESKTOP-JEHOL2V" failures="0" tests="1" name="com.hanapos.OrderEntry_Alais_DeliveryType_PhoneOrderTest.Hana_T303_Delivery_Functionality_with_New_customer_FT" time="192.464" errors="0" timestamp="2024-08-19T19:50:31 IST" skipped="0">
  <testcase classname="com.hanapos.OrderEntry_Alais_DeliveryType_PhoneOrderTest.Hana_T303_Delivery_Functionality_with_New_customer_FT" name="Validate_Hana_T303_Delivery_Functionality_with_New_customer_Functionality_Test" time="192.464"/>
</testsuite> <!-- com.hanapos.OrderEntry_Alais_DeliveryType_PhoneOrderTest.Hana_T303_Delivery_Functionality_with_New_customer_FT -->
