<?xml version="1.0" encoding="UTF-8"?>
<!-- Generated by org.testng.reporters.JUnitReportReporter -->
<testsuite hostname="DESKTOP-JEHOL2V" failures="0" tests="1" name="com.hanapos.OrderEntry_Alais_DeliveryType_PhoneOrder_Testcases.Hana_T294_OrderEntry_Delivery_CustomerSection_SearchExistingCustomer_FT" time="75.680" errors="0" timestamp="2024-09-05T09:11:00 IST" skipped="0">
  <testcase classname="com.hanapos.OrderEntry_Alais_DeliveryType_PhoneOrder_Testcases.Hana_T294_OrderEntry_Delivery_CustomerSection_SearchExistingCustomer_FT" name="Validate_Hana_T294_OrderEntry_Delivery_CustomerSection_SearchExistingCustomer_Functionality_Test" time="75.680"/>
</testsuite> <!-- com.hanapos.OrderEntry_Alais_DeliveryType_PhoneOrder_Testcases.Hana_T294_OrderEntry_Delivery_CustomerSection_SearchExistingCustomer_FT -->
