<?xml version="1.0" encoding="UTF-8"?>
<!-- Generated by org.testng.reporters.JUnitReportReporter -->
<testsuite hostname="DESKTOP-JEHOL2V" failures="0" tests="1" name="com.hanapos.OrderEntry_Alais_PhoneOrderTest.Hana_T135_Pickup_CustomerSection_Edit_Customer_CustomerDetails_OrderDetails_DescriptionSearchFilter_FT" time="80.990" errors="0" timestamp="2024-07-29T17:12:23 IST" skipped="0">
  <testcase classname="com.hanapos.OrderEntry_Alais_PhoneOrderTest.Hana_T135_Pickup_CustomerSection_Edit_Customer_CustomerDetails_OrderDetails_DescriptionSearchFilter_FT" name="Validate_Hana_T135_Pickup_CustomerSection_Edit_Customer_CustomerDetails_OrderDetails_DescriptionSearchFilter_Functionality_Test" time="80.990"/>
</testsuite> <!-- com.hanapos.OrderEntry_Alais_PhoneOrderTest.Hana_T135_Pickup_CustomerSection_Edit_Customer_CustomerDetails_OrderDetails_DescriptionSearchFilter_FT -->
