<?xml version="1.0" encoding="UTF-8"?>
<!-- Generated by org.testng.reporters.JUnitReportReporter -->
<testsuite hostname="DESKTOP-JEHOL2V" failures="0" tests="1" name="com.hanapos.CashandCarry_Testcases.Hana_T14_Add_Product_FT" time="97.201" errors="0" timestamp="2024-09-10T12:24:05 IST" skipped="0">
  <testcase classname="com.hanapos.CashandCarry_Testcases.Hana_T14_Add_Product_FT" name="Validate_Hana_T14_Add_Product_Test" time="97.201"/>
</testsuite> <!-- com.hanapos.CashandCarry_Testcases.Hana_T14_Add_Product_FT -->
