<?xml version="1.0" encoding="UTF-8"?>
<!-- Generated by org.testng.reporters.JUnitReportReporter -->
<testsuite hostname="DESKTOP-JEHOL2V" failures="0" tests="1" name="com.hanapos.OrderEntry_Alais_PickUp_PhoneOrder_Testcases.Hana_T241_OrderEntryPage_Pickup_Payment_Section_CreditCard_Functionality" time="153.564" errors="0" timestamp="2024-08-30T16:02:18 IST" skipped="0">
  <testcase classname="com.hanapos.OrderEntry_Alais_PickUp_PhoneOrder_Testcases.Hana_T241_OrderEntryPage_Pickup_Payment_Section_CreditCard_Functionality" name="Validate_Hana_T241_OrderEntryPage_Pickup_Payment_Section_CreditCard_Functionality_Test" time="153.564"/>
</testsuite> <!-- com.hanapos.OrderEntry_Alais_PickUp_PhoneOrder_Testcases.Hana_T241_OrderEntryPage_Pickup_Payment_Section_CreditCard_Functionality -->
