<?xml version="1.0" encoding="UTF-8"?>
<!-- Generated by org.testng.reporters.JUnitReportReporter -->
<testsuite hostname="DESKTOP-JEHOL2V" failures="0" tests="1" name="com.hanapos.cashandcarrytest.Hana_T32_GiftCardSalepopup_Edit_Gift_Card_Denominations_Edit_FT" time="61.493" errors="0" timestamp="2024-07-12T11:20:58 IST" skipped="0">
  <testcase classname="com.hanapos.cashandcarrytest.Hana_T32_GiftCardSalepopup_Edit_Gift_Card_Denominations_Edit_FT" name="Validate_Hana_T32_GiftCardSalesPopup_EditGiftCardDenomination_AddFunctionality_Test" time="61.493"/>
</testsuite> <!-- com.hanapos.cashandcarrytest.Hana_T32_GiftCardSalepopup_Edit_Gift_Card_Denominations_Edit_FT -->
