<?xml version="1.0" encoding="UTF-8"?>
<!-- Generated by org.testng.reporters.JUnitReportReporter -->
<testsuite hostname="DESKTOP-JEHOL2V" failures="0" tests="6" name="com.hanapos.cashandcarrytest.Hana_POS_TC_002_CashAndCarry_CashType_Test" time="66.336" errors="0" timestamp="2024-06-11T16:04:12 IST" skipped="5">
  <testcase classname="com.hanapos.cashandcarrytest.Hana_POS_TC_002_CashAndCarry_CashType_Test" name="AddItemsWithNewCustomer" time="66.336"/>
  <testcase classname="com.hanapos.cashandcarrytest.Hana_POS_TC_002_CashAndCarry_CashType_Test" name="ValidateCashAndCarryTest">
    <skipped/>
  </testcase> <!-- ValidateCashAndCarryTest -->
  <testcase classname="com.hanapos.cashandcarrytest.Hana_POS_TC_002_CashAndCarry_CashType_Test" name="ValidateCashAndCarryWithoutSelectingShopNameOnDashBoardTest">
    <skipped/>
  </testcase> <!-- ValidateCashAndCarryWithoutSelectingShopNameOnDashBoardTest -->
  <testcase classname="com.hanapos.cashandcarrytest.Hana_POS_TC_002_CashAndCarry_CashType_Test" name="VerifyProductDiscountTest">
    <skipped/>
  </testcase> <!-- VerifyProductDiscountTest -->
  <testcase classname="com.hanapos.cashandcarrytest.Hana_POS_TC_002_CashAndCarry_CashType_Test" name="AddTitleDisplayProductTest">
    <skipped/>
  </testcase> <!-- AddTitleDisplayProductTest -->
  <testcase classname="com.hanapos.cashandcarrytest.Hana_POS_TC_002_CashAndCarry_CashType_Test" name="AddProductWithDiscountTest">
    <skipped/>
  </testcase> <!-- AddProductWithDiscountTest -->
</testsuite> <!-- com.hanapos.cashandcarrytest.Hana_POS_TC_002_CashAndCarry_CashType_Test -->
