<?xml version="1.0" encoding="UTF-8"?>
<!-- Generated by org.testng.reporters.JUnitReportReporter -->
<testsuite hostname="DESKTOP-JEHOL2V" failures="0" tests="1" name="com.hanapos.cashandcarrytest.Hana_POS_TC_004_WalkingSettings_UI_Test" time="45.663" errors="0" timestamp="2024-06-12T16:24:42 IST" skipped="0">
  <testcase classname="com.hanapos.cashandcarrytest.Hana_POS_TC_004_WalkingSettings_UI_Test" name="ValidateWalkingSettingUIElementTest" time="45.663"/>
</testsuite> <!-- com.hanapos.cashandcarrytest.Hana_POS_TC_004_WalkingSettings_UI_Test -->
