<?xml version="1.0" encoding="UTF-8"?>
<!-- Generated by org.testng.reporters.JUnitReportReporter -->
<testsuite hostname="DESKTOP-JEHOL2V" failures="0" tests="1" name="com.hanapos.OrderEntry_Alais_PickUp_PhoneOrderTest.Hana_T182_OrderEntryPage_Pickup_ProductSection_GiftCardSale_popup_EditGiftCard_Denominations_Add_Functionality" time="60.937" errors="0" timestamp="2024-08-21T15:16:55 IST" skipped="0">
  <testcase classname="com.hanapos.OrderEntry_Alais_PickUp_PhoneOrderTest.Hana_T182_OrderEntryPage_Pickup_ProductSection_GiftCardSale_popup_EditGiftCard_Denominations_Add_Functionality" name="Validate_Hana_T182_OrderEntryPage_Pickup_ProductSection_GiftCardSale_popup_EditGiftCard_Denominations_Add_Functionality_Test" time="60.937"/>
</testsuite> <!-- com.hanapos.OrderEntry_Alais_PickUp_PhoneOrderTest.Hana_T182_OrderEntryPage_Pickup_ProductSection_GiftCardSale_popup_EditGiftCard_Denominations_Add_Functionality -->
