<?xml version="1.0" encoding="UTF-8"?>
<!-- Generated by org.testng.reporters.JUnitReportReporter -->
<testsuite hostname="DESKTOP-JEHOL2V" failures="0" tests="1" name="com.hanapos.cashandcarrytest.Hana_T42_Payment_Convert_Delivery_FT" time="116.311" errors="0" timestamp="2024-08-17T11:33:39 IST" skipped="0">
  <testcase classname="com.hanapos.cashandcarrytest.Hana_T42_Payment_Convert_Delivery_FT" name="Validate_Hana_T42_Payment_Convert_Delivery_Test" time="116.311"/>
</testsuite> <!-- com.hanapos.cashandcarrytest.Hana_T42_Payment_Convert_Delivery_FT -->
