<?xml version="1.0" encoding="UTF-8"?>
<!-- Generated by org.testng.reporters.JUnitReportReporter -->
<testsuite hostname="DESKTOP-JEHOL2V" failures="0" tests="1" name="com.hanapos.OrderEntry_Alais_PickUp_PhoneOrder_Testcases.Hana_T107_Pickup_CustomerSection_Edit_Customer_CustomerDetails_UnPaidInvoice_BalanceAmt_Search_Filter_FT" time="148.183" errors="0" timestamp="2024-09-12T16:49:44 IST" skipped="0">
  <testcase classname="com.hanapos.OrderEntry_Alais_PickUp_PhoneOrder_Testcases.Hana_T107_Pickup_CustomerSection_Edit_Customer_CustomerDetails_UnPaidInvoice_BalanceAmt_Search_Filter_FT" name="Validate_Hana_T107_Pickup_CustomerSection_Edit_Customer_CustomerDetails_UnPaidInvoice_BalanceAmt_Search_Filter_Test" time="148.183"/>
</testsuite> <!-- com.hanapos.OrderEntry_Alais_PickUp_PhoneOrder_Testcases.Hana_T107_Pickup_CustomerSection_Edit_Customer_CustomerDetails_UnPaidInvoice_BalanceAmt_Search_Filter_FT -->
