<?xml version="1.0" encoding="UTF-8"?>
<!-- Generated by org.testng.reporters.JUnitReportReporter -->
<testsuite hostname="DESKTOP-JEHOL2V" failures="0" tests="1" name="com.hanapos.cashandcarrytest.Hana_T68_Payments_Donation_Payment_Section_FT" time="89.219" errors="0" timestamp="2024-08-22T18:39:52 IST" skipped="0">
  <testcase classname="com.hanapos.cashandcarrytest.Hana_T68_Payments_Donation_Payment_Section_FT" name="Validate_Hana_T68_Payments_Donation_Payment_Test" time="89.219"/>
</testsuite> <!-- com.hanapos.cashandcarrytest.Hana_T68_Payments_Donation_Payment_Section_FT -->
