<?xml version="1.0" encoding="UTF-8"?>
<!-- Generated by org.testng.reporters.JUnitReportReporter -->
<testsuite hostname="DESKTOP-JEHOL2V" failures="0" tests="1" name="com.hanapos.cashandcarrytest.Hana_T14_Add_Product_FT" time="88.982" errors="0" timestamp="2024-08-19T17:40:07 IST" skipped="0">
  <testcase classname="com.hanapos.cashandcarrytest.Hana_T14_Add_Product_FT" name="Validate_Hana_T14_Add_Product_Test" time="88.982"/>
</testsuite> <!-- com.hanapos.cashandcarrytest.Hana_T14_Add_Product_FT -->
