<?xml version="1.0" encoding="UTF-8"?>
<!-- Generated by org.testng.reporters.JUnitReportReporter -->
<testsuite hostname="DESKTOP-JEHOL2V" failures="0" tests="1" name="com.hanapos.cashandcarrytest.Hana_T51_Payments_Cash_Payment_Secion_FT" time="63.358" errors="0" timestamp="2024-06-28T16:09:31 IST" skipped="0">
  <testcase classname="com.hanapos.cashandcarrytest.Hana_T51_Payments_Cash_Payment_Secion_FT" name="Validate_Payments_Split_Payment_Test" time="63.358"/>
</testsuite> <!-- com.hanapos.cashandcarrytest.Hana_T51_Payments_Cash_Payment_Secion_FT -->
