<?xml version="1.0" encoding="UTF-8"?>
<!-- Generated by org.testng.reporters.JUnitReportReporter -->
<testsuite hostname="DESKTOP-JEHOL2V" failures="0" tests="1" name="com.hanapos.CashandCarry_Testcases.Hana_T79_Add_Product_With_Existing_Customer_FT" time="96.564" errors="0" timestamp="2024-09-02T13:22:56 IST" skipped="0">
  <testcase classname="com.hanapos.CashandCarry_Testcases.Hana_T79_Add_Product_With_Existing_Customer_FT" name="Validate_Hana_T79_Add_Product_With_Existing_Customer_Test" time="96.564"/>
</testsuite> <!-- com.hanapos.CashandCarry_Testcases.Hana_T79_Add_Product_With_Existing_Customer_FT -->
