<?xml version="1.0" encoding="UTF-8"?>
<!-- Generated by org.testng.reporters.JUnitReportReporter -->
<testsuite hostname="DESKTOP-JEHOL2V" failures="0" tests="1" name="com.hanapos.cashandcarrytest.Hana_T12_WalkinsSetting_CashRegistery_Customer_Copy_Without_Customer_Copy_Notes_FT" time="99.195" errors="0" timestamp="2024-07-12T11:20:58 IST" skipped="0">
  <testcase classname="com.hanapos.cashandcarrytest.Hana_T12_WalkinsSetting_CashRegistery_Customer_Copy_Without_Customer_Copy_Notes_FT" name="Validate_Hana_T12_WalkinsSetting_CashRegistery_Customer_Copy_without_Customer_Copy_Notes_FT" time="99.195"/>
</testsuite> <!-- com.hanapos.cashandcarrytest.Hana_T12_WalkinsSetting_CashRegistery_Customer_Copy_Without_Customer_Copy_Notes_FT -->
