<?xml version="1.0" encoding="UTF-8"?>
<!-- Generated by org.testng.reporters.JUnitReportReporter -->
<testsuite hostname="DESKTOP-JEHOL2V" failures="0" tests="1" name="com.hanapos.Proposal_TestCases.Hana_T_Proposal_Wedding_Functionality" time="217.641" errors="0" timestamp="2024-09-10T12:09:19 IST" skipped="0">
  <testcase classname="com.hanapos.Proposal_TestCases.Hana_T_Proposal_Wedding_Functionality" name="Validate_Proposal_Wedding_Functionality_Test" time="217.641"/>
</testsuite> <!-- com.hanapos.Proposal_TestCases.Hana_T_Proposal_Wedding_Functionality -->
