<?xml version="1.0" encoding="UTF-8"?>
<!-- Generated by org.testng.reporters.JUnitReportReporter -->
<testsuite hostname="DESKTOP-JEHOL2V" failures="0" tests="1" name="com.hanapos.cashandcarrytest.Hana_T7_WalkingSettings_EditCashRegister_FT" time="66.723" errors="0" timestamp="2024-06-14T15:36:04 IST" skipped="0">
  <testcase classname="com.hanapos.cashandcarrytest.Hana_T7_WalkingSettings_EditCashRegister_FT" name="ValidateWalkingSettingEditCashRegisterTest" time="66.723"/>
</testsuite> <!-- com.hanapos.cashandcarrytest.Hana_T7_WalkingSettings_EditCashRegister_FT -->
