<?xml version="1.0" encoding="UTF-8"?>
<!-- Generated by org.testng.reporters.JUnitReportReporter -->
<testsuite hostname="DESKTOP-JEHOL2V" failures="0" tests="1" name="com.hanapos.cashandcarrytest.Hana_T16_Delete_Product_FT" time="67.942" errors="0" timestamp="2024-08-17T07:37:16 IST" skipped="0">
  <testcase classname="com.hanapos.cashandcarrytest.Hana_T16_Delete_Product_FT" name="Validate_Hana_T16_Delete_Product_Test" time="67.942"/>
</testsuite> <!-- com.hanapos.cashandcarrytest.Hana_T16_Delete_Product_FT -->
