<?xml version="1.0" encoding="UTF-8"?>
<!-- Generated by org.testng.reporters.JUnitReportReporter -->
<testsuite hostname="DESKTOP-JEHOL2V" failures="0" tests="1" name="com.hanapos.OrderEntry_Alais_PhoneOrderTest.Hana_T157_Pickup_RecipientSection_Confidential_FT" time="125.430" errors="0" timestamp="2024-08-06T15:10:55 IST" skipped="0">
  <testcase classname="com.hanapos.OrderEntry_Alais_PhoneOrderTest.Hana_T157_Pickup_RecipientSection_Confidential_FT" name="Validate_Hana_T154_Pickup_RecipientSection_FrequentAddress_Functionality_Test" time="125.430"/>
</testsuite> <!-- com.hanapos.OrderEntry_Alais_PhoneOrderTest.Hana_T157_Pickup_RecipientSection_Confidential_FT -->
