<?xml version="1.0" encoding="UTF-8"?>
<!-- Generated by org.testng.reporters.JUnitReportReporter -->
<testsuite hostname="DESKTOP-JEHOL2V" failures="0" tests="1" name="com.hanapos.OrderEntry_Alais_PickUp_PhoneOrder_Testcases.Hana_T234_OrderEntryPage_Pickup_Payment_Section_Check_Functionality" time="133.748" errors="0" timestamp="2024-08-30T12:27:04 IST" skipped="0">
  <testcase classname="com.hanapos.OrderEntry_Alais_PickUp_PhoneOrder_Testcases.Hana_T234_OrderEntryPage_Pickup_Payment_Section_Check_Functionality" name="Validate_Hana_T234_OrderEntryPage_Pickup_Payment_Section_Check_Functionality_Test" time="133.748"/>
</testsuite> <!-- com.hanapos.OrderEntry_Alais_PickUp_PhoneOrder_Testcases.Hana_T234_OrderEntryPage_Pickup_Payment_Section_Check_Functionality -->
