<?xml version="1.0" encoding="UTF-8"?>
<!-- Generated by org.testng.reporters.JUnitReportReporter -->
<testsuite hostname="DESKTOP-JEHOL2V" failures="0" tests="1" name="com.hanapos.OrderEntry_Alais_PhoneOrderTest.Hana_T133_Pickup_CustomerSection_Edit_Customer_CustomerDetails_OrderDetails_AddressSearchFilter_FT" time="82.445" errors="0" timestamp="2024-07-29T15:47:09 IST" skipped="0">
  <testcase classname="com.hanapos.OrderEntry_Alais_PhoneOrderTest.Hana_T133_Pickup_CustomerSection_Edit_Customer_CustomerDetails_OrderDetails_AddressSearchFilter_FT" name="Validate_Hana_T133_Pickup_CustomerSection_Edit_Customer_CustomerDetails_OrderDetails_AddressSearchFilter_Functionality_Test" time="82.445"/>
</testsuite> <!-- com.hanapos.OrderEntry_Alais_PhoneOrderTest.Hana_T133_Pickup_CustomerSection_Edit_Customer_CustomerDetails_OrderDetails_AddressSearchFilter_FT -->
