<?xml version="1.0" encoding="UTF-8"?>
<!-- Generated by org.testng.reporters.JUnitReportReporter -->
<testsuite hostname="DESKTOP-JEHOL2V" failures="0" tests="1" name="com.hanapos.OrderEntry_Alais_DeliveryType_PhoneOrder_Testcases.Hana_T324_OrderEntryPage_Delivery_CustomerSection_Edit_Customer_CustomerDetails_UnPaidInvoice_ColumnReorder_FT" time="90.663" errors="0" timestamp="2024-09-13T15:00:08 IST" skipped="0">
  <testcase classname="com.hanapos.OrderEntry_Alais_DeliveryType_PhoneOrder_Testcases.Hana_T324_OrderEntryPage_Delivery_CustomerSection_Edit_Customer_CustomerDetails_UnPaidInvoice_ColumnReorder_FT" name="Validate_Hana_T324_OrderEntryPage_Delivery_CustomerSection_Edit_Customer_CustomerDetails_UnPaidInvoice_ColumnReorder_Functionality_Test" time="90.663"/>
</testsuite> <!-- com.hanapos.OrderEntry_Alais_DeliveryType_PhoneOrder_Testcases.Hana_T324_OrderEntryPage_Delivery_CustomerSection_Edit_Customer_CustomerDetails_UnPaidInvoice_ColumnReorder_FT -->
