<?xml version="1.0" encoding="UTF-8"?>
<!-- Generated by org.testng.reporters.JUnitReportReporter -->
<testsuite hostname="DESKTOP-JEHOL2V" failures="0" tests="1" name="com.hanapos.CashandCarry_Testcases.Hana_T65_Payment_Add_New_Customer_FT" time="152.367" errors="0" timestamp="2024-09-10T12:22:02 IST" skipped="0">
  <testcase classname="com.hanapos.CashandCarry_Testcases.Hana_T65_Payment_Add_New_Customer_FT" name="Validate_Hana_T65_Payments_Add_New_Customer_Test" time="152.367"/>
</testsuite> <!-- com.hanapos.CashandCarry_Testcases.Hana_T65_Payment_Add_New_Customer_FT -->
