<?xml version="1.0" encoding="UTF-8"?>
<!-- Generated by org.testng.reporters.JUnitReportReporter -->
<testsuite hostname="DESKTOP-JEHOL2V" failures="0" tests="1" name="com.hanapos.OrderEntry_Alais_PhoneOrderTest.Hana_T129_Pickup_CustomerSection_Edit_Customer_CustomerDetails_OrderDetails_InvoiceSearchFilter_FT" time="75.659" errors="0" timestamp="2024-07-29T11:48:34 IST" skipped="0">
  <testcase classname="com.hanapos.OrderEntry_Alais_PhoneOrderTest.Hana_T129_Pickup_CustomerSection_Edit_Customer_CustomerDetails_OrderDetails_InvoiceSearchFilter_FT" name="Validate_Hana_T129_Pickup_CustomerSection_Edit_Customer_CustomerDetails_OrderDetails_InvoiceSearchFilter_FunctionalityTest" time="75.659"/>
</testsuite> <!-- com.hanapos.OrderEntry_Alais_PhoneOrderTest.Hana_T129_Pickup_CustomerSection_Edit_Customer_CustomerDetails_OrderDetails_InvoiceSearchFilter_FT -->
