<?xml version="1.0" encoding="UTF-8"?>
<!-- Generated by org.testng.reporters.JUnitReportReporter -->
<testsuite hostname="DESKTOP-JEHOL2V" failures="0" tests="1" name="com.hanapos.OrderEntry_Alais_PhoneOrderTest.Hana_T136_Pickup_CustomerSection_Edit_Customer_CustomerDetails_OrderDetails_Pagination_FT" time="76.446" errors="0" timestamp="2024-07-29T19:54:51 IST" skipped="0">
  <testcase classname="com.hanapos.OrderEntry_Alais_PhoneOrderTest.Hana_T136_Pickup_CustomerSection_Edit_Customer_CustomerDetails_OrderDetails_Pagination_FT" name="Validate_Hana_T136_Pickup_CustomerSection_Edit_Customer_CustomerDetails_OrderDetails_Pagination_Functionality_Test" time="76.446"/>
</testsuite> <!-- com.hanapos.OrderEntry_Alais_PhoneOrderTest.Hana_T136_Pickup_CustomerSection_Edit_Customer_CustomerDetails_OrderDetails_Pagination_FT -->
