<?xml version="1.0" encoding="UTF-8"?>
<!-- Generated by org.testng.reporters.JUnitReportReporter -->
<testsuite hostname="DESKTOP-JEHOL2V" failures="0" tests="1" name="com.hanapos.OrderEntry_Alais_DeliveryType_PhoneOrder_Testcases.Hana_T302_Delivery_Functionality_with_Existing_customer_FT" time="124.889" errors="0" timestamp="2024-08-29T17:59:02 IST" skipped="0">
  <testcase classname="com.hanapos.OrderEntry_Alais_DeliveryType_PhoneOrder_Testcases.Hana_T302_Delivery_Functionality_with_Existing_customer_FT" name="Validate_Hana_T302_Delivery_Functionality_with_Existing_customer" time="124.889"/>
</testsuite> <!-- com.hanapos.OrderEntry_Alais_DeliveryType_PhoneOrder_Testcases.Hana_T302_Delivery_Functionality_with_Existing_customer_FT -->
