<?xml version="1.0" encoding="UTF-8"?>
<!-- Generated by org.testng.reporters.JUnitReportReporter -->
<testsuite hostname="DESKTOP-JEHOL2V" failures="0" tests="1" name="com.hanapos.OrderEntry_Alais_PhoneOrderTest.Hana_T141_Pickup_CustomerSection_CustomerHistory_FT" time="168.134" errors="0" timestamp="2024-07-30T15:46:43 IST" skipped="0">
  <testcase classname="com.hanapos.OrderEntry_Alais_PhoneOrderTest.Hana_T141_Pickup_CustomerSection_CustomerHistory_FT" name="Validate_Hana_T141_Pickup_CustomerSection_CustomerHistory_Functionality_Test" time="168.134"/>
</testsuite> <!-- com.hanapos.OrderEntry_Alais_PhoneOrderTest.Hana_T141_Pickup_CustomerSection_CustomerHistory_FT -->
