<?xml version="1.0" encoding="UTF-8"?>
<!-- Generated by org.testng.reporters.JUnitReportReporter -->
<testsuite hostname="DESKTOP-JEHOL2V" failures="0" tests="1" name="com.hanapos.OrderEntry_Alais_PickUp_PhoneOrder_Testcases.Hana_T220_OrderEntryPage_Pickup_Payment_Section_Lovingly_Functionality" time="131.226" errors="0" timestamp="2024-08-29T17:13:33 IST" skipped="0">
  <testcase classname="com.hanapos.OrderEntry_Alais_PickUp_PhoneOrder_Testcases.Hana_T220_OrderEntryPage_Pickup_Payment_Section_Lovingly_Functionality" name="Validate_Hana_T220_OrderEntryPage_Pickup_Payment_Section_Lovingly_Functionality_Test" time="131.226"/>
</testsuite> <!-- com.hanapos.OrderEntry_Alais_PickUp_PhoneOrder_Testcases.Hana_T220_OrderEntryPage_Pickup_Payment_Section_Lovingly_Functionality -->
