<?xml version="1.0" encoding="UTF-8"?>
<!-- Generated by org.testng.reporters.JUnitReportReporter -->
<testsuite hostname="DESKTOP-JEHOL2V" failures="0" tests="1" name="com.hanapos.cashandcarrytest.Hana_T65_Payment_Add_New_Customer_FT" time="136.039" errors="0" timestamp="2024-08-23T15:51:14 IST" skipped="0">
  <testcase classname="com.hanapos.cashandcarrytest.Hana_T65_Payment_Add_New_Customer_FT" name="Validate_Hana_T65_Payments_Add_New_Customer_Test" time="136.039"/>
</testsuite> <!-- com.hanapos.cashandcarrytest.Hana_T65_Payment_Add_New_Customer_FT -->
