<?xml version="1.0" encoding="UTF-8"?>
<!-- Generated by org.testng.reporters.JUnitReportReporter -->
<testsuite hostname="DESKTOP-JEHOL2V" failures="0" tests="1" name="com.hanapos.cashandcarrytest.Hana_T07_WalkingSettings_EditCashRegister_FT" time="73.122" errors="0" timestamp="2024-07-12T11:20:58 IST" skipped="0">
  <testcase classname="com.hanapos.cashandcarrytest.Hana_T07_WalkingSettings_EditCashRegister_FT" name="Validate_Hana_T07_WalkingSetting_Edit_CashRegister_Test" time="73.122"/>
</testsuite> <!-- com.hanapos.cashandcarrytest.Hana_T07_WalkingSettings_EditCashRegister_FT -->
