<?xml version="1.0" encoding="UTF-8"?>
<!-- Generated by org.testng.reporters.JUnitReportReporter -->
<testsuite hostname="DESKTOP-JEHOL2V" failures="0" tests="1" name="com.hanapos.cashandcarrytest.Hana_T33_Purchase_Product_With_Coupon_FT" time="54.542" errors="0" timestamp="2024-08-13T19:38:22 IST" skipped="0">
  <testcase classname="com.hanapos.cashandcarrytest.Hana_T33_Purchase_Product_With_Coupon_FT" name="Validate_Hana_T33_Purchase_Product_With_Coupon_Test" time="54.542"/>
</testsuite> <!-- com.hanapos.cashandcarrytest.Hana_T33_Purchase_Product_With_Coupon_FT -->
