<?xml version="1.0" encoding="UTF-8"?>
<!-- Generated by org.testng.reporters.JUnitReportReporter -->
<testsuite hostname="DESKTOP-JEHOL2V" failures="0" tests="1" name="com.hanapos.cashandcarrytest.Hana_POS_TC_005_WalkingSettings_AddNew_Test" time="49.688" errors="0" timestamp="2024-06-12T18:24:21 IST" skipped="0">
  <testcase classname="com.hanapos.cashandcarrytest.Hana_POS_TC_005_WalkingSettings_AddNew_Test" name="ValidateWalkingSettingAddNewBtnUIElementTest" time="49.688"/>
</testsuite> <!-- com.hanapos.cashandcarrytest.Hana_POS_TC_005_WalkingSettings_AddNew_Test -->
