<?xml version="1.0" encoding="UTF-8"?>
<!-- Generated by org.testng.reporters.JUnitReportReporter -->
<testsuite hostname="DESKTOP-JEHOL2V" failures="0" tests="1" name="com.hanapos.CashandCarry_Testcases.Hana_T63_Payments_GiftCard_Payment_Section_Swipe_Card_FT" time="119.049" errors="0" timestamp="2024-09-04T16:02:57 IST" skipped="0">
  <testcase classname="com.hanapos.CashandCarry_Testcases.Hana_T63_Payments_GiftCard_Payment_Section_Swipe_Card_FT" name="Validate_Hana_T63_Payments_GiftCard_Payment_Section_Swipe_Card_Test" time="119.049"/>
</testsuite> <!-- com.hanapos.CashandCarry_Testcases.Hana_T63_Payments_GiftCard_Payment_Section_Swipe_Card_FT -->
