<?xml version="1.0" encoding="UTF-8"?>
<!-- Generated by org.testng.reporters.JUnitReportReporter -->
<testsuite hostname="DESKTOP-JEHOL2V" failures="0" tests="1" name="com.hanapos.CashandCarry_Testcases.Hana_T43_Payments_Split_Payment_FT" time="299.114" errors="0" timestamp="2024-09-10T12:09:19 IST" skipped="0">
  <testcase classname="com.hanapos.CashandCarry_Testcases.Hana_T43_Payments_Split_Payment_FT" name="Validate_Hana_T43_Payments_Split_Payment_Test" time="299.114"/>
</testsuite> <!-- com.hanapos.CashandCarry_Testcases.Hana_T43_Payments_Split_Payment_FT -->
