<?xml version="1.0" encoding="UTF-8"?>
<!-- Generated by org.testng.reporters.JUnitReportReporter -->
<testsuite hostname="DESKTOP-JEHOL2V" failures="0" tests="1" name="com.hanapos.OrderEntry_Alais_PickUp_PhoneOrderTest.Hana_T182_OrderEntryPage_Pickup_ProductSection_GiftCardSale_popup_EditGiftCard_Denominations_Add_Functionality" time="51.125" errors="0" timestamp="2024-08-19T16:28:59 IST" skipped="0">
  <testcase classname="com.hanapos.OrderEntry_Alais_PickUp_PhoneOrderTest.Hana_T182_OrderEntryPage_Pickup_ProductSection_GiftCardSale_popup_EditGiftCard_Denominations_Add_Functionality" name="Validate_Hana_T177_OrderEntry_Pickup_PaymentSection_GiftCardPayment_Functionality_Test" time="51.125"/>
</testsuite> <!-- com.hanapos.OrderEntry_Alais_PickUp_PhoneOrderTest.Hana_T182_OrderEntryPage_Pickup_ProductSection_GiftCardSale_popup_EditGiftCard_Denominations_Add_Functionality -->
