<?xml version="1.0" encoding="UTF-8"?>
<!-- Generated by org.testng.reporters.JUnitReportReporter -->
<testsuite hostname="DESKTOP-JEHOL2V" failures="0" tests="1" name="com.hanapos.OrderEntry_Alais_PickUp_PhoneOrder_Testcases.Hana_T212__OrderEntryPage_Pickup_Payment_Section_Cash_Functionality" time="120.077" errors="0" timestamp="2024-08-29T16:01:03 IST" skipped="0">
  <testcase classname="com.hanapos.OrderEntry_Alais_PickUp_PhoneOrder_Testcases.Hana_T212__OrderEntryPage_Pickup_Payment_Section_Cash_Functionality" name="Validate_Hana_T212_OrderEntryPage_Pickup_Payment_Section_Cash_Functionality_Test" time="120.077"/>
</testsuite> <!-- com.hanapos.OrderEntry_Alais_PickUp_PhoneOrder_Testcases.Hana_T212__OrderEntryPage_Pickup_Payment_Section_Cash_Functionality -->
