<?xml version="1.0" encoding="UTF-8"?>
<!-- Generated by org.testng.reporters.JUnitReportReporter -->
<testsuite hostname="DESKTOP-JEHOL2V" failures="0" tests="1" name="com.hanapos.OrderEntry_Alais_WireOut_PhoneOrderTest.Hana_T520_OrderEntryPage_WireOut_Functionality_with_New_customer_FT" time="168.373" errors="0" timestamp="2024-08-19T17:40:07 IST" skipped="0">
  <testcase classname="com.hanapos.OrderEntry_Alais_WireOut_PhoneOrderTest.Hana_T520_OrderEntryPage_WireOut_Functionality_with_New_customer_FT" name="Validate_Hana_T520_OrderEntryPage_WireOut_Functionality_with_New_customer_Functionality_Test" time="168.373"/>
</testsuite> <!-- com.hanapos.OrderEntry_Alais_WireOut_PhoneOrderTest.Hana_T520_OrderEntryPage_WireOut_Functionality_with_New_customer_FT -->
