<?xml version="1.0" encoding="UTF-8"?>
<!-- Generated by org.testng.reporters.JUnitReportReporter -->
<testsuite hostname="DESKTOP-JEHOL2V" failures="0" tests="1" name="com.hanapos.cashandcarrytest.Hana_T59_Payments_POH_Payment_Section_FT" time="74.978" errors="0" timestamp="2024-08-13T15:16:10 IST" skipped="0">
  <testcase classname="com.hanapos.cashandcarrytest.Hana_T59_Payments_POH_Payment_Section_FT" name="Validate_Hana_T59_Payments_POH_Payment_Section_Test" time="74.978"/>
</testsuite> <!-- com.hanapos.cashandcarrytest.Hana_T59_Payments_POH_Payment_Section_FT -->
