<?xml version="1.0" encoding="UTF-8"?>
<!-- Generated by org.testng.reporters.JUnitReportReporter -->
<testsuite hostname="DESKTOP-JEHOL2V" failures="0" tests="4" name="com.hanapos.cashandcarrytest.Hana_T2_AddProductWithDiscount_FT" time="158.538" errors="0" timestamp="2024-06-14T17:53:24 IST" skipped="0">
  <testcase classname="com.hanapos.cashandcarrytest.Hana_T2_AddProductWithDiscount_FT" name="AddProductWithDiscountTest" time="44.289"/>
  <testcase classname="com.hanapos.cashandcarrytest.Hana_T2_AddProductWithDiscount_FT" name="AddTitleDisplayProductTest" time="31.539"/>
  <testcase classname="com.hanapos.cashandcarrytest.Hana_T2_AddProductWithDiscount_FT" name="VerifyProductDiscountTest" time="34.098"/>
  <testcase classname="com.hanapos.cashandcarrytest.Hana_T2_AddProductWithDiscount_FT" name="AddItemsWithNewCustomer" time="48.612"/>
</testsuite> <!-- com.hanapos.cashandcarrytest.Hana_T2_AddProductWithDiscount_FT -->
