<?xml version="1.0" encoding="UTF-8"?>
<!-- Generated by org.testng.reporters.JUnitReportReporter -->
<testsuite hostname="DESKTOP-JEHOL2V" failures="0" tests="1" name="com.hanapos.cashandcarrytest.Hana_POS_TC_007_WalkingSettings_EditCashRegister_Test" time="72.008" errors="0" timestamp="2024-06-13T17:31:54 IST" skipped="0">
  <testcase classname="com.hanapos.cashandcarrytest.Hana_POS_TC_007_WalkingSettings_EditCashRegister_Test" name="ValidateWalkingSettingEditCashRegisterTest" time="72.008"/>
</testsuite> <!-- com.hanapos.cashandcarrytest.Hana_POS_TC_007_WalkingSettings_EditCashRegister_Test -->
