<?xml version="1.0" encoding="UTF-8"?>
<!-- Generated by org.testng.reporters.JUnitReportReporter -->
<testsuite hostname="DESKTOP-JEHOL2V" failures="0" tests="1" name="com.hanapos.cashandcarrytest.Hana_T51_Payments_Cash_Payment_Section_FT" time="81.691" errors="0" timestamp="2024-07-24T12:25:12 IST" skipped="0">
  <testcase classname="com.hanapos.cashandcarrytest.Hana_T51_Payments_Cash_Payment_Section_FT" name="Validate_Hana_T51_Payments_Cash_Payment_Test" time="81.691"/>
</testsuite> <!-- com.hanapos.cashandcarrytest.Hana_T51_Payments_Cash_Payment_Section_FT -->
