<?xml version="1.0" encoding="UTF-8"?>
<!-- Generated by org.testng.reporters.JUnitReportReporter -->
<testsuite hostname="DESKTOP-JEHOL2V" failures="0" tests="1" name="com.hanapos.OrderEntry_Alais_PickUp_PhoneOrderTest.Hana_T081_Pickup_Functionality_with_Existing_customer_FT" time="117.360" errors="0" timestamp="2024-08-26T14:12:07 IST" skipped="0">
  <testcase classname="com.hanapos.OrderEntry_Alais_PickUp_PhoneOrderTest.Hana_T081_Pickup_Functionality_with_Existing_customer_FT" name="Validate_Hana_T081_Pickup_Functionality_with_Existing_customer" time="117.360"/>
</testsuite> <!-- com.hanapos.OrderEntry_Alais_PickUp_PhoneOrderTest.Hana_T081_Pickup_Functionality_with_Existing_customer_FT -->
