<?xml version="1.0" encoding="UTF-8"?>
<!-- Generated by org.testng.reporters.JUnitReportReporter -->
<testsuite hostname="DESKTOP-JEHOL2V" failures="0" tests="1" name="com.hanapos.OrderEntry_Alais_PickUp_PhoneOrder_Testcases.Hana_T203_OrderEntryPage_Pickup_ProductSection_CreateRecipe_Component_Delete_Functionality" time="249.858" errors="0" timestamp="2024-08-28T19:27:41 IST" skipped="0">
  <testcase classname="com.hanapos.OrderEntry_Alais_PickUp_PhoneOrder_Testcases.Hana_T203_OrderEntryPage_Pickup_ProductSection_CreateRecipe_Component_Delete_Functionality" name="Validate_Hana_T203_OrderEntryPage_Pickup_ProductSection_CreateRecipe_Component_Delete_Functionality_Test" time="249.858"/>
</testsuite> <!-- com.hanapos.OrderEntry_Alais_PickUp_PhoneOrder_Testcases.Hana_T203_OrderEntryPage_Pickup_ProductSection_CreateRecipe_Component_Delete_Functionality -->
