<?xml version="1.0" encoding="UTF-8"?>
<!-- Generated by org.testng.reporters.JUnitReportReporter -->
<testsuite hostname="DESKTOP-JEHOL2V" failures="0" tests="1" name="com.hanapos.OrderEntry_Alais_PickUp_PhoneOrder_Testcases.Hana_T124_Pickup_CustomerSection_Edit_Customer_CustomerDetails_PaymentDetails_CheckNo_SearchFilter_FT" time="67.080" errors="0" timestamp="2024-09-16T15:06:30 IST" skipped="0">
  <testcase classname="com.hanapos.OrderEntry_Alais_PickUp_PhoneOrder_Testcases.Hana_T124_Pickup_CustomerSection_Edit_Customer_CustomerDetails_PaymentDetails_CheckNo_SearchFilter_FT" name="Validate_Hana_T124_Pickup_CustomerSection_Edit_Customer_CustomerDetails_PaymentDetails_CheckNo_SearchFilter_Functionality_Test" time="67.080"/>
</testsuite> <!-- com.hanapos.OrderEntry_Alais_PickUp_PhoneOrder_Testcases.Hana_T124_Pickup_CustomerSection_Edit_Customer_CustomerDetails_PaymentDetails_CheckNo_SearchFilter_FT -->
