<?xml version="1.0" encoding="UTF-8"?>
<!-- Generated by org.testng.reporters.JUnitReportReporter -->
<testsuite hostname="DESKTOP-JEHOL2V" failures="0" tests="1" name="com.hanapos.OrderEntry_Alais_PhoneOrderTest.Hana_T128_Pickup_CustomerSection_Edit_Customer_CustomerDetails_OrderDetails_ExportToExcel_FT" time="83.594" errors="0" timestamp="2024-07-26T18:01:02 IST" skipped="0">
  <testcase classname="com.hanapos.OrderEntry_Alais_PhoneOrderTest.Hana_T128_Pickup_CustomerSection_Edit_Customer_CustomerDetails_OrderDetails_ExportToExcel_FT" name="Validate_Hana_T128_Pickup_CustomerSection_Edit_Customer_CustomerDetails_OrderDetails_ExportToExcel_Functionality_Test" time="83.594"/>
</testsuite> <!-- com.hanapos.OrderEntry_Alais_PhoneOrderTest.Hana_T128_Pickup_CustomerSection_Edit_Customer_CustomerDetails_OrderDetails_ExportToExcel_FT -->
