<?xml version="1.0" encoding="UTF-8"?>
<!-- Generated by org.testng.reporters.JUnitReportReporter -->
<testsuite hostname="DESKTOP-JEHOL2V" failures="0" tests="1" name="com.hanapos.Quick_Dispatch_Testcases.Hana_T711_Quick_Dispatch_Functionality" time="191.575" errors="0" timestamp="2024-09-10T12:09:19 IST" skipped="0">
  <testcase classname="com.hanapos.Quick_Dispatch_Testcases.Hana_T711_Quick_Dispatch_Functionality" name="Validate_Hana_T711_Quick_Dispatch_Functionality_with_Existing_customer" time="191.575"/>
</testsuite> <!-- com.hanapos.Quick_Dispatch_Testcases.Hana_T711_Quick_Dispatch_Functionality -->
