<?xml version="1.0" encoding="UTF-8"?>
<!-- Generated by org.testng.reporters.JUnitReportReporter -->
<testsuite hostname="DESKTOP-JEHOL2V" failures="0" tests="1" name="com.hanapos.OrderEntry_Alais_PhoneOrderTest.Hana_T94_Pickup_CustomerSection_PhoneNumberFieldLookup_FT" time="55.533" errors="0" timestamp="2024-07-10T17:39:17 IST" skipped="0">
  <testcase classname="com.hanapos.OrderEntry_Alais_PhoneOrderTest.Hana_T94_Pickup_CustomerSection_PhoneNumberFieldLookup_FT" name="Validate_Pickup_CustomerSection_PhoneNumberFieldLookup_Test" time="55.533"/>
</testsuite> <!-- com.hanapos.OrderEntry_Alais_PhoneOrderTest.Hana_T94_Pickup_CustomerSection_PhoneNumberFieldLookup_FT -->
