<?xml version="1.0" encoding="UTF-8"?>
<!-- Generated by org.testng.reporters.JUnitReportReporter -->
<testsuite hostname="DESKTOP-JEHOL2V" failures="0" tests="1" name="com.hanapos.CashandCarry_Testcases.Hana_T33_Purchase_Product_With_Coupon_FT" time="75.762" errors="0" timestamp="2024-09-10T12:09:19 IST" skipped="0">
  <testcase classname="com.hanapos.CashandCarry_Testcases.Hana_T33_Purchase_Product_With_Coupon_FT" name="Validate_Hana_T33_Purchase_Product_With_Coupon_Test" time="75.762"/>
</testsuite> <!-- com.hanapos.CashandCarry_Testcases.Hana_T33_Purchase_Product_With_Coupon_FT -->
