<?xml version="1.0" encoding="UTF-8"?>
<!-- Generated by org.testng.reporters.JUnitReportReporter -->
<testsuite hostname="DESKTOP-JEHOL2V" failures="0" tests="1" name="com.hanapos.OrderEntry_Alais_PickUp_PhoneOrder_Testcases.Hana_T123_Pickup_CustomerSection_Edit_Customer_CustomerDetails_PaymentDetails_MOPSearchFilter_FT" time="60.732" errors="0" timestamp="2024-09-16T13:48:18 IST" skipped="0">
  <testcase classname="com.hanapos.OrderEntry_Alais_PickUp_PhoneOrder_Testcases.Hana_T123_Pickup_CustomerSection_Edit_Customer_CustomerDetails_PaymentDetails_MOPSearchFilter_FT" name="Validate_Hana_T123_Pickup_CustomerSection_Edit_Customer_CustomerDetails_PaymentDetails_MOPSearchFilter_FT_Functionality_Test" time="60.732"/>
</testsuite> <!-- com.hanapos.OrderEntry_Alais_PickUp_PhoneOrder_Testcases.Hana_T123_Pickup_CustomerSection_Edit_Customer_CustomerDetails_PaymentDetails_MOPSearchFilter_FT -->
