<?xml version="1.0" encoding="UTF-8"?>
<!-- Generated by org.testng.reporters.JUnitReportReporter -->
<testsuite hostname="DESKTOP-JEHOL2V" failures="0" tests="1" name="com.hanapos.cashandcarrytest.Hana_POS_TC_003_UpdateDiscountOrderLevel_Test" time="59.672" errors="0" timestamp="2024-06-12T12:45:43 IST" skipped="0">
  <testcase classname="com.hanapos.cashandcarrytest.Hana_POS_TC_003_UpdateDiscountOrderLevel_Test" name="ValidateUpdateDiscountOrderLevelTest" time="59.672"/>
</testsuite> <!-- com.hanapos.cashandcarrytest.Hana_POS_TC_003_UpdateDiscountOrderLevel_Test -->
