<?xml version="1.0" encoding="UTF-8"?>
<!-- Generated by org.testng.reporters.JUnitReportReporter -->
<testsuite hostname="DESKTOP-JEHOL2V" failures="0" tests="1" name="com.hanapos.OrderEntry_Alais_DeliveryType_PhoneOrder_Testcases.Hana_T313_OrderEntryPage_Delivery_CustomerSection_Edit_Customer_CustomerDetails_UnPaidInvoice_PaidAmount_Search_Filter_FT" time="158.855" errors="0" timestamp="2024-09-12T15:34:21 IST" skipped="0">
  <testcase classname="com.hanapos.OrderEntry_Alais_DeliveryType_PhoneOrder_Testcases.Hana_T313_OrderEntryPage_Delivery_CustomerSection_Edit_Customer_CustomerDetails_UnPaidInvoice_PaidAmount_Search_Filter_FT" name="Validate_Hana_T313_OrderEntryPage_Delivery_CustomerSection_Edit_Customer_CustomerDetails_UnPaidInvoice_PaidAmount_Search_Filter_Test" time="158.855"/>
</testsuite> <!-- com.hanapos.OrderEntry_Alais_DeliveryType_PhoneOrder_Testcases.Hana_T313_OrderEntryPage_Delivery_CustomerSection_Edit_Customer_CustomerDetails_UnPaidInvoice_PaidAmount_Search_Filter_FT -->
