<?xml version="1.0" encoding="UTF-8"?>
<!-- Generated by org.testng.reporters.JUnitReportReporter -->
<testsuite hostname="DESKTOP-JEHOL2V" failures="0" tests="5" name="com.hanapos.OrderEntry_Alais_DeliveryType_PhoneOrderTest.Hana_T302_Delivery_Functionality_with_Existing_customer_FT" time="575.457" errors="0" timestamp="2024-08-26T10:59:31 IST" skipped="0">
  <testcase classname="com.hanapos.OrderEntry_Alais_DeliveryType_PhoneOrderTest.Hana_T302_Delivery_Functionality_with_Existing_customer_FT" name="Validate_Hana_T302_Delivery_Functionality_with_Existing_customer" time="126.239"/>
  <testcase classname="com.hanapos.OrderEntry_Alais_DeliveryType_PhoneOrderTest.Hana_T302_Delivery_Functionality_with_Existing_customer_FT" name="Validate_Hana_T302_Delivery_Functionality_with_Existing_customer" time="112.412"/>
  <testcase classname="com.hanapos.OrderEntry_Alais_DeliveryType_PhoneOrderTest.Hana_T302_Delivery_Functionality_with_Existing_customer_FT" name="Validate_Hana_T302_Delivery_Functionality_with_Existing_customer" time="110.663"/>
  <testcase classname="com.hanapos.OrderEntry_Alais_DeliveryType_PhoneOrderTest.Hana_T302_Delivery_Functionality_with_Existing_customer_FT" name="Validate_Hana_T302_Delivery_Functionality_with_Existing_customer" time="114.962"/>
  <testcase classname="com.hanapos.OrderEntry_Alais_DeliveryType_PhoneOrderTest.Hana_T302_Delivery_Functionality_with_Existing_customer_FT" name="Validate_Hana_T302_Delivery_Functionality_with_Existing_customer" time="111.181"/>
</testsuite> <!-- com.hanapos.OrderEntry_Alais_DeliveryType_PhoneOrderTest.Hana_T302_Delivery_Functionality_with_Existing_customer_FT -->
