<?xml version="1.0" encoding="UTF-8"?>
<!-- Generated by org.testng.reporters.JUnitReportReporter -->
<testsuite hostname="DESKTOP-JEHOL2V" failures="0" tests="1" name="com.hanapos.OrderEntry_Alais_WireOut_PhoneOrder_Testcases.Hana_T519_OrderEntryPage_WireOut_Functionality_with_Existing_customer_FT" time="165.155" errors="0" timestamp="2024-09-10T12:09:19 IST" skipped="0">
  <testcase classname="com.hanapos.OrderEntry_Alais_WireOut_PhoneOrder_Testcases.Hana_T519_OrderEntryPage_WireOut_Functionality_with_Existing_customer_FT" name="Validate_Hana_T519_OrderEntryPage_WireOut_Functionality_with_Existing_customer_Functionality_Test" time="165.155"/>
</testsuite> <!-- com.hanapos.OrderEntry_Alais_WireOut_PhoneOrder_Testcases.Hana_T519_OrderEntryPage_WireOut_Functionality_with_Existing_customer_FT -->
