<?xml version="1.0" encoding="UTF-8"?>
<!-- Generated by org.testng.reporters.JUnitReportReporter -->
<testsuite hostname="DESKTOP-JEHOL2V" failures="0" tests="1" name="com.hanapos.OrderEntry_Alais_PhoneOrderTest.Hana_T146_Pickup_RecipientSection_WithExistingRecipientDetails_FT" time="99.129" errors="0" timestamp="2024-07-31T18:12:35 IST" skipped="0">
  <testcase classname="com.hanapos.OrderEntry_Alais_PhoneOrderTest.Hana_T146_Pickup_RecipientSection_WithExistingRecipientDetails_FT" name="Validate_Hana_T146_Pickup_RecipientSection_With_Existing_RecipientDetails_Functionality_Test" time="99.129"/>
</testsuite> <!-- com.hanapos.OrderEntry_Alais_PhoneOrderTest.Hana_T146_Pickup_RecipientSection_WithExistingRecipientDetails_FT -->
