<?xml version="1.0" encoding="UTF-8"?>
<!-- Generated by org.testng.reporters.JUnitReportReporter -->
<testsuite hostname="DESKTOP-JEHOL2V" failures="0" tests="1" name="com.hanapos.OrderEntry_Alais_PickUp_PhoneOrder_Testcases.Hana_T249_Pickup_PaymentSection_InvoiceHouseAccount_Functionality" time="124.634" errors="0" timestamp="2024-09-04T10:50:07 IST" skipped="0">
  <testcase classname="com.hanapos.OrderEntry_Alais_PickUp_PhoneOrder_Testcases.Hana_T249_Pickup_PaymentSection_InvoiceHouseAccount_Functionality" name="Validate_Hana_T249_Pickup_PaymentSection_InvoiceHouseAccount_Functionality" time="124.634"/>
</testsuite> <!-- com.hanapos.OrderEntry_Alais_PickUp_PhoneOrder_Testcases.Hana_T249_Pickup_PaymentSection_InvoiceHouseAccount_Functionality -->
