<?xml version="1.0" encoding="UTF-8"?>
<!-- Generated by org.testng.reporters.JUnitReportReporter -->
<testsuite hostname="DESKTOP-JEHOL2V" failures="0" tests="1" name="com.hanapos.OrderEntry_Alais_PhoneOrderTest.Hana_T81_Pickup_Functionality_with_Existing_customer_FT" time="125.992" errors="0" timestamp="2024-07-09T17:17:42 IST" skipped="0">
  <testcase classname="com.hanapos.OrderEntry_Alais_PhoneOrderTest.Hana_T81_Pickup_Functionality_with_Existing_customer_FT" name="Validate_Pickup_Functionality_with_Existing_customer" time="125.992"/>
</testsuite> <!-- com.hanapos.OrderEntry_Alais_PhoneOrderTest.Hana_T81_Pickup_Functionality_with_Existing_customer_FT -->
