<?xml version="1.0" encoding="UTF-8"?>
<!-- Generated by org.testng.reporters.JUnitReportReporter -->
<testsuite hostname="DESKTOP-JEHOL2V" failures="0" tests="1" name="com.hanapos.OrderEntry_Alais_DeliveryType_PhoneOrder_Testcases.Hana_T311_OrderEntryPage_Delivery_CustomerSection_Edit_Customer_CustomerDetails_UnPaidInvoice_FT" time="79.348" errors="0" timestamp="2024-09-12T12:16:49 IST" skipped="0">
  <testcase classname="com.hanapos.OrderEntry_Alais_DeliveryType_PhoneOrder_Testcases.Hana_T311_OrderEntryPage_Delivery_CustomerSection_Edit_Customer_CustomerDetails_UnPaidInvoice_FT" name="Validate_Hana_T311_OrderEntryPage_Delivery_CustomerSection_Edit_Customer_CustomerDetails_UnPaidInvoice_Functionality_Test" time="79.348"/>
</testsuite> <!-- com.hanapos.OrderEntry_Alais_DeliveryType_PhoneOrder_Testcases.Hana_T311_OrderEntryPage_Delivery_CustomerSection_Edit_Customer_CustomerDetails_UnPaidInvoice_FT -->
