<?xml version="1.0" encoding="UTF-8"?>
<!-- Generated by org.testng.reporters.JUnitReportReporter -->
<testsuite hostname="DESKTOP-JEHOL2V" failures="0" tests="1" name="com.hanapos.cashandcarrytest.Hana_T15_Edit_Product_FT" time="118.865" errors="0" timestamp="2024-08-17T07:25:09 IST" skipped="0">
  <testcase classname="com.hanapos.cashandcarrytest.Hana_T15_Edit_Product_FT" name="Validate_Hana_T15_Edit_Product_Test" time="118.865"/>
</testsuite> <!-- com.hanapos.cashandcarrytest.Hana_T15_Edit_Product_FT -->
