<?xml version="1.0" encoding="UTF-8"?>
<!-- Generated by org.testng.reporters.JUnitReportReporter -->
<testsuite hostname="DESKTOP-JEHOL2V" failures="0" tests="1" name="com.hanapos.OrderEntry_Alais_PickUp_PhoneOrder_Testcases.Hana_T217_OrderEntryPage_Pickup_Payment_Section_American_Express_Functionality" time="115.380" errors="0" timestamp="2024-08-29T16:44:27 IST" skipped="0">
  <testcase classname="com.hanapos.OrderEntry_Alais_PickUp_PhoneOrder_Testcases.Hana_T217_OrderEntryPage_Pickup_Payment_Section_American_Express_Functionality" name="Validate_Hana_T217_OrderEntryPage_Pickup_Payment_Section_American_Express_Functionality_Test" time="115.380"/>
</testsuite> <!-- com.hanapos.OrderEntry_Alais_PickUp_PhoneOrder_Testcases.Hana_T217_OrderEntryPage_Pickup_Payment_Section_American_Express_Functionality -->
