<?xml version="1.0" encoding="UTF-8"?>
<!-- Generated by org.testng.reporters.JUnitReportReporter -->
<testsuite hostname="DESKTOP-JEHOL2V" failures="0" tests="1" name="com.hanapos.OrderEntry_Alais_PickUp_PhoneOrder_Testcases.Hana_T141_Pickup_CustomerSection_CustomerHistory_FT" time="191.960" errors="0" timestamp="2024-09-04T14:00:41 IST" skipped="0">
  <testcase classname="com.hanapos.OrderEntry_Alais_PickUp_PhoneOrder_Testcases.Hana_T141_Pickup_CustomerSection_CustomerHistory_FT" name="Validate_Hana_T141_Pickup_CustomerSection_CustomerHistory_Functionality_Test" time="191.960"/>
</testsuite> <!-- com.hanapos.OrderEntry_Alais_PickUp_PhoneOrder_Testcases.Hana_T141_Pickup_CustomerSection_CustomerHistory_FT -->
