<?xml version="1.0" encoding="UTF-8"?>
<!-- Generated by org.testng.reporters.JUnitReportReporter -->
<testsuite hostname="DESKTOP-JEHOL2V" failures="0" tests="1" name="com.hanapos.OrderEntry_Alais_PhoneOrderTest.Hana_T092_Pickup_CustomerSection_LastNameFieldLookup_FT" time="42.390" errors="0" timestamp="2024-07-29T14:36:30 IST" skipped="0">
  <testcase classname="com.hanapos.OrderEntry_Alais_PhoneOrderTest.Hana_T092_Pickup_CustomerSection_LastNameFieldLookup_FT" name="Validate_Hana_T092_Pickup_CustomerSection_LastNameFieldLookup_Test" time="42.390"/>
</testsuite> <!-- com.hanapos.OrderEntry_Alais_PhoneOrderTest.Hana_T092_Pickup_CustomerSection_LastNameFieldLookup_FT -->
