<?xml version="1.0" encoding="UTF-8"?>
<!-- Generated by org.testng.reporters.JUnitReportReporter -->
<testsuite hostname="DESKTOP-JEHOL2V" failures="0" tests="1" name="com.hanapos.OrderEntry_Alais_PhoneOrderTest.Hana_T163_OrderEntry_Pickup_OrderDetailsSection_SendRemainderEmail_FT" time="128.076" errors="0" timestamp="2024-08-07T13:01:35 IST" skipped="0">
  <testcase classname="com.hanapos.OrderEntry_Alais_PhoneOrderTest.Hana_T163_OrderEntry_Pickup_OrderDetailsSection_SendRemainderEmail_FT" name="Validate_Hana_T163_OrderEntry_Pickup_OrderDetailsSection_SendRemainderEmail__Functionality_Test" time="128.076"/>
</testsuite> <!-- com.hanapos.OrderEntry_Alais_PhoneOrderTest.Hana_T163_OrderEntry_Pickup_OrderDetailsSection_SendRemainderEmail_FT -->
