<?xml version="1.0" encoding="UTF-8"?>
<!-- Generated by org.testng.reporters.JUnitReportReporter -->
<testsuite hostname="DESKTOP-JEHOL2V" failures="0" tests="1" name="com.hanapos.OrderEntry_Alais_PickUp_PhoneOrderTest.Hana_T179_OrderEntryPage_Pickup_ProductSection_GiftCard_FT" time="105.826" errors="0" timestamp="2024-08-19T13:55:27 IST" skipped="0">
  <testcase classname="com.hanapos.OrderEntry_Alais_PickUp_PhoneOrderTest.Hana_T179_OrderEntryPage_Pickup_ProductSection_GiftCard_FT" name="Validate_Hana_T179_OrderEntryPage_Pickup_ProductSection_GiftCard_Functionality_Test" time="105.826"/>
</testsuite> <!-- com.hanapos.OrderEntry_Alais_PickUp_PhoneOrderTest.Hana_T179_OrderEntryPage_Pickup_ProductSection_GiftCard_FT -->
