<?xml version="1.0" encoding="UTF-8"?>
<!-- Generated by org.testng.reporters.JUnitReportReporter -->
<testsuite hostname="DESKTOP-JEHOL2V" failures="0" tests="1" name="com.hanapos.OrderEntry_Alais_PickUp_PhoneOrderTest.Hana_T132_Pickup_CustomerSection_Edit_Customer_CustomerDetails_OrderDetails_NameSearchFilter_FT" time="77.011" errors="0" timestamp="2024-08-26T14:12:07 IST" skipped="0">
  <testcase classname="com.hanapos.OrderEntry_Alais_PickUp_PhoneOrderTest.Hana_T132_Pickup_CustomerSection_Edit_Customer_CustomerDetails_OrderDetails_NameSearchFilter_FT" name="Validate_Hana_T132_Pickup_CustomerSection_Edit_Customer_CustomerDetails_OrderDetails_NameSearchFilter_Functionality_Test" time="77.011"/>
</testsuite> <!-- com.hanapos.OrderEntry_Alais_PickUp_PhoneOrderTest.Hana_T132_Pickup_CustomerSection_Edit_Customer_CustomerDetails_OrderDetails_NameSearchFilter_FT -->
