<?xml version="1.0" encoding="UTF-8"?>
<!-- Generated by org.testng.reporters.JUnitReportReporter -->
<testsuite hostname="DESKTOP-JEHOL2V" failures="0" tests="1" name="com.hanapos.OrderEntry_Alais_PickUp_PhoneOrder_Testcases.Hana_T225_OrderEntryPage_Pickup_Payment_Section_Visa_Functionality" time="196.433" errors="0" timestamp="2024-08-30T10:35:17 IST" skipped="0">
  <testcase classname="com.hanapos.OrderEntry_Alais_PickUp_PhoneOrder_Testcases.Hana_T225_OrderEntryPage_Pickup_Payment_Section_Visa_Functionality" name="Validate_Hana_T225_OrderEntryPage_Pickup_Payment_Section_Visa_Functionality_Test" time="196.433"/>
</testsuite> <!-- com.hanapos.OrderEntry_Alais_PickUp_PhoneOrder_Testcases.Hana_T225_OrderEntryPage_Pickup_Payment_Section_Visa_Functionality -->
