<?xml version="1.0" encoding="UTF-8"?>
<!-- Generated by org.testng.reporters.JUnitReportReporter -->
<testsuite hostname="DESKTOP-JEHOL2V" failures="0" tests="1" name="com.hanapos.OrderEntry_Alais_PickUp_PhoneOrder_Testcases.Hana_T125_Pickup_CustomerSection_Edit_Customer_CustomerDetails_PaymentDetails_CCNumber_SearchFilter_FT" time="89.092" errors="0" timestamp="2024-09-04T18:16:49 IST" skipped="0">
  <testcase classname="com.hanapos.OrderEntry_Alais_PickUp_PhoneOrder_Testcases.Hana_T125_Pickup_CustomerSection_Edit_Customer_CustomerDetails_PaymentDetails_CCNumber_SearchFilter_FT" name="Validate_Hana_T125_Pickup_CustomerSection_Edit_Customer_CustomerDetails_PaymentDetails_CCNumber_SearchFilter_Functionality_Test" time="89.092"/>
</testsuite> <!-- com.hanapos.OrderEntry_Alais_PickUp_PhoneOrder_Testcases.Hana_T125_Pickup_CustomerSection_Edit_Customer_CustomerDetails_PaymentDetails_CCNumber_SearchFilter_FT -->
