<?xml version="1.0" encoding="UTF-8"?>
<!-- Generated by org.testng.reporters.JUnitReportReporter -->
<testsuite hostname="DESKTOP-JEHOL2V" failures="0" tests="1" name="com.hanapos.cashandcarrytest.Hana_T33_Purchase_Product_With_Coupon_FT" time="60.169" errors="0" timestamp="2024-08-22T18:39:52 IST" skipped="0">
  <testcase classname="com.hanapos.cashandcarrytest.Hana_T33_Purchase_Product_With_Coupon_FT" name="Validate_Hana_T33_Purchase_Product_With_Coupon_Test" time="60.169"/>
</testsuite> <!-- com.hanapos.cashandcarrytest.Hana_T33_Purchase_Product_With_Coupon_FT -->
