<?xml version="1.0" encoding="UTF-8"?>
<!-- Generated by org.testng.reporters.JUnitReportReporter -->
<testsuite hostname="DESKTOP-JEHOL2V" failures="0" tests="1" name="com.hanapos.OrderEntry_Alais_DeliveryType_PhoneOrder_Testcases.Hana_T297_OrderEntryPage_DeliveryType_CustomerSection_LastNameFieldLookup_FT" time="55.269" errors="0" timestamp="2024-09-05T09:42:16 IST" skipped="0">
  <testcase classname="com.hanapos.OrderEntry_Alais_DeliveryType_PhoneOrder_Testcases.Hana_T297_OrderEntryPage_DeliveryType_CustomerSection_LastNameFieldLookup_FT" name="Validate_Hana_T297_OrderEntryPage_DeliveryType_CustomerSection_LastNameFieldLookup_Functionality_Test" time="55.269"/>
</testsuite> <!-- com.hanapos.OrderEntry_Alais_DeliveryType_PhoneOrder_Testcases.Hana_T297_OrderEntryPage_DeliveryType_CustomerSection_LastNameFieldLookup_FT -->
