<?xml version="1.0" encoding="UTF-8"?>
<!-- Generated by org.testng.reporters.JUnitReportReporter -->
<testsuite hostname="DESKTOP-JEHOL2V" failures="0" tests="1" name="com.hanapos.cashandcarrytest.Hana_T04_WalkingSettings_UI_Test" time="68.824" errors="0" timestamp="2024-07-12T11:20:58 IST" skipped="0">
  <testcase classname="com.hanapos.cashandcarrytest.Hana_T04_WalkingSettings_UI_Test" name="Validate_Hana_T04_WalkingSetting_UIElement_Test" time="68.824"/>
</testsuite> <!-- com.hanapos.cashandcarrytest.Hana_T04_WalkingSettings_UI_Test -->
