<?xml version="1.0" encoding="UTF-8"?>
<!-- Generated by org.testng.reporters.JUnitReportReporter -->
<testsuite hostname="DESKTOP-JEHOL2V" failures="0" tests="1" name="com.hanapos.OrderEntry_Alais_PickUp_PhoneOrder_Testcases.Hana_T129_Pickup_CustomerSection_Edit_Customer_CustomerDetails_OrderDetails_InvoiceSearchFilter_FT" time="83.930" errors="0" timestamp="2024-09-17T09:51:42 IST" skipped="0">
  <testcase classname="com.hanapos.OrderEntry_Alais_PickUp_PhoneOrder_Testcases.Hana_T129_Pickup_CustomerSection_Edit_Customer_CustomerDetails_OrderDetails_InvoiceSearchFilter_FT" name="Validate_Hana_T129_Pickup_CustomerSection_Edit_Customer_CustomerDetails_OrderDetails_InvoiceSearchFilter_Functionality_Test" time="83.930"/>
</testsuite> <!-- com.hanapos.OrderEntry_Alais_PickUp_PhoneOrder_Testcases.Hana_T129_Pickup_CustomerSection_Edit_Customer_CustomerDetails_OrderDetails_InvoiceSearchFilter_FT -->
