<?xml version="1.0" encoding="UTF-8"?>
<!-- Generated by org.testng.reporters.JUnitReportReporter -->
<testsuite hostname="DESKTOP-JEHOL2V" failures="0" tests="1" name="com.hanapos.OrderEntry_Alais_PhoneOrderTest.Hana_T92_Pickup_CustomerSection_LastNameFieldLookup_FT" time="52.764" errors="0" timestamp="2024-07-10T16:56:42 IST" skipped="0">
  <testcase classname="com.hanapos.OrderEntry_Alais_PhoneOrderTest.Hana_T92_Pickup_CustomerSection_LastNameFieldLookup_FT" name="Validate_Pickup_CustomerSection_LastNameFieldLookup_Test" time="52.764"/>
</testsuite> <!-- com.hanapos.OrderEntry_Alais_PhoneOrderTest.Hana_T92_Pickup_CustomerSection_LastNameFieldLookup_FT -->
