<?xml version="1.0" encoding="UTF-8"?>
<!-- Generated by org.testng.reporters.JUnitReportReporter -->
<testsuite hostname="DESKTOP-JEHOL2V" failures="0" tests="1" name="com.hanapos.OrderEntry_Alais_PhoneOrderTest.Hana_T95_Pickup_CustomerSection_CompanyNameFieldLookup_FT" time="53.839" errors="0" timestamp="2024-07-10T17:08:56 IST" skipped="0">
  <testcase classname="com.hanapos.OrderEntry_Alais_PhoneOrderTest.Hana_T95_Pickup_CustomerSection_CompanyNameFieldLookup_FT" name="Validate_Pickup_CustomerSection_CompanyNameFieldLookup_Test" time="53.839"/>
</testsuite> <!-- com.hanapos.OrderEntry_Alais_PhoneOrderTest.Hana_T95_Pickup_CustomerSection_CompanyNameFieldLookup_FT -->
