<?xml version="1.0" encoding="UTF-8"?>
<!-- Generated by org.testng.reporters.JUnitReportReporter -->
<testsuite hostname="DESKTOP-JEHOL2V" failures="0" tests="1" name="com.hanapos.OrderEntry_Alais_PickUp_PhoneOrder_Testcases.Hana_T094_Pickup_CustomerSection_PhoneNumberFieldLookup_FT" time="57.653" errors="0" timestamp="2024-09-04T17:42:31 IST" skipped="0">
  <testcase classname="com.hanapos.OrderEntry_Alais_PickUp_PhoneOrder_Testcases.Hana_T094_Pickup_CustomerSection_PhoneNumberFieldLookup_FT" name="Validate_Hana_T094_Pickup_CustomerSection_PhoneNumberFieldLookup_Test" time="57.653"/>
</testsuite> <!-- com.hanapos.OrderEntry_Alais_PickUp_PhoneOrder_Testcases.Hana_T094_Pickup_CustomerSection_PhoneNumberFieldLookup_FT -->
