<?xml version="1.0" encoding="UTF-8"?>
<!-- Generated by org.testng.reporters.JUnitReportReporter -->
<testsuite hostname="DESKTOP-JEHOL2V" failures="0" tests="1" name="com.hanapos.cashandcarrytest.Hana_T72_Open_Drawer_FT" time="44.231" errors="0" timestamp="2024-07-12T11:20:58 IST" skipped="0">
  <testcase classname="com.hanapos.cashandcarrytest.Hana_T72_Open_Drawer_FT" name="Validate_Hana_T72_Open_Drawer_Test" time="44.231"/>
</testsuite> <!-- com.hanapos.cashandcarrytest.Hana_T72_Open_Drawer_FT -->
