<?xml version="1.0" encoding="UTF-8"?>
<!-- Generated by org.testng.reporters.JUnitReportReporter -->
<testsuite hostname="DESKTOP-JEHOL2V" failures="0" tests="1" name="com.hanapos.OrderEntry_Alais_PhoneOrderTest.Hana_T116_Pickup_CustomerSection_Edit_Customer_CustomerDetails_UnPaidInvoice_Pagination_FT" time="79.936" errors="0" timestamp="2024-07-29T19:41:54 IST" skipped="0">
  <testcase classname="com.hanapos.OrderEntry_Alais_PhoneOrderTest.Hana_T116_Pickup_CustomerSection_Edit_Customer_CustomerDetails_UnPaidInvoice_Pagination_FT" name="Validate_Hana_T116_Pickup_CustomerSection_Edit_Customer_CustomerDetails_UnPaidInvoice_Pagination_Functionality_Test" time="79.936"/>
</testsuite> <!-- com.hanapos.OrderEntry_Alais_PhoneOrderTest.Hana_T116_Pickup_CustomerSection_Edit_Customer_CustomerDetails_UnPaidInvoice_Pagination_FT -->
