<?xml version="1.0" encoding="UTF-8"?>
<!-- Generated by org.testng.reporters.JUnitReportReporter -->
<testsuite hostname="DESKTOP-JEHOL2V" failures="0" tests="1" name="com.hanapos.OrderEntry_Alais_PhoneOrderTest.Hana_T162_OrderEntry_Pickup_OrderDetailsSection_SendRemainder_UnChecked_FT" time="139.103" errors="0" timestamp="2024-08-07T12:49:33 IST" skipped="0">
  <testcase classname="com.hanapos.OrderEntry_Alais_PhoneOrderTest.Hana_T162_OrderEntry_Pickup_OrderDetailsSection_SendRemainder_UnChecked_FT" name="Validate_Hana_T162_OrderEntry_Pickup_OrderDetailsSection_SendRemainder_UnChecked_Functionality_Test" time="139.103"/>
</testsuite> <!-- com.hanapos.OrderEntry_Alais_PhoneOrderTest.Hana_T162_OrderEntry_Pickup_OrderDetailsSection_SendRemainder_UnChecked_FT -->
