<?xml version="1.0" encoding="UTF-8"?>
<!-- Generated by org.testng.reporters.JUnitReportReporter -->
<testsuite hostname="DESKTOP-JEHOL2V" failures="0" tests="1" name="com.hanapos.Quick_Dispatch_Test.Hana_T711_Quick_Dispatch_Functionality" time="169.419" errors="0" timestamp="2024-08-28T15:56:59 IST" skipped="0">
  <testcase classname="com.hanapos.Quick_Dispatch_Test.Hana_T711_Quick_Dispatch_Functionality" name="Validate_Hana_T711_Quick_Dispatch_Functionality_with_Existing_customer" time="169.419"/>
</testsuite> <!-- com.hanapos.Quick_Dispatch_Test.Hana_T711_Quick_Dispatch_Functionality -->
