<?xml version="1.0" encoding="UTF-8"?>
<!-- Generated by org.testng.reporters.JUnitReportReporter -->
<testsuite hostname="DESKTOP-JEHOL2V" failures="0" tests="1" name="com.hanapos.OrderEntry_Alais_PhoneOrderTest.Hana_T164_OrderEntry_Pickup_OrderDetailsSection_PrintTicket_FT" time="77.476" errors="0" timestamp="2024-08-07T13:15:48 IST" skipped="0">
  <testcase classname="com.hanapos.OrderEntry_Alais_PhoneOrderTest.Hana_T164_OrderEntry_Pickup_OrderDetailsSection_PrintTicket_FT" name="Validate_Hana_T163_OrderEntry_Pickup_OrderDetailsSection_SendRemainderEmail__Functionality_Test" time="77.476"/>
</testsuite> <!-- com.hanapos.OrderEntry_Alais_PhoneOrderTest.Hana_T164_OrderEntry_Pickup_OrderDetailsSection_PrintTicket_FT -->
