<?xml version="1.0" encoding="UTF-8"?>
<!-- Generated by org.testng.reporters.JUnitReportReporter -->
<testsuite hostname="DESKTOP-JEHOL2V" failures="0" tests="1" name="com.hanapos.OrderEntry_Alais_PhoneOrderTest.Hana_T85_Pickup_CustomerSection_SearchExistingCustomer_FT" time="70.342" errors="0" timestamp="2024-07-10T11:55:17 IST" skipped="0">
  <testcase classname="com.hanapos.OrderEntry_Alais_PhoneOrderTest.Hana_T85_Pickup_CustomerSection_SearchExistingCustomer_FT" name="Validate_Pickup_CustomerSection_SearchExistingCustomer_Test" time="70.342"/>
</testsuite> <!-- com.hanapos.OrderEntry_Alais_PhoneOrderTest.Hana_T85_Pickup_CustomerSection_SearchExistingCustomer_FT -->
