<?xml version="1.0" encoding="UTF-8"?>
<!-- Generated by org.testng.reporters.JUnitReportReporter -->
<testsuite hostname="DESKTOP-JEHOL2V" failures="0" tests="1" name="com.hanapos.OrderEntry_Alais_DeliveryType_PhoneOrder_Testcases.Hana_T299_Delivery_CustomerSection_PhoneNumberField_Lookup_FT" time="59.812" errors="0" timestamp="2024-09-05T09:53:49 IST" skipped="0">
  <testcase classname="com.hanapos.OrderEntry_Alais_DeliveryType_PhoneOrder_Testcases.Hana_T299_Delivery_CustomerSection_PhoneNumberField_Lookup_FT" name="Validate_Hana_T299_Delivery_CustomerSection_PhoneNumberField_Lookup_Functionality_Test" time="59.812"/>
</testsuite> <!-- com.hanapos.OrderEntry_Alais_DeliveryType_PhoneOrder_Testcases.Hana_T299_Delivery_CustomerSection_PhoneNumberField_Lookup_FT -->
