<?xml version="1.0" encoding="UTF-8"?>
<!-- Generated by org.testng.reporters.JUnitReportReporter -->
<testsuite hostname="DESKTOP-JEHOL2V" failures="0" tests="1" name="com.hanapos.OrderEntry_Alais_PickUp_PhoneOrder_Testcases.Hana_T222_OrderEntryPage_Pickup_Payment_Section_MasterCard_Functionality" time="119.740" errors="0" timestamp="2024-08-29T17:32:28 IST" skipped="0">
  <testcase classname="com.hanapos.OrderEntry_Alais_PickUp_PhoneOrder_Testcases.Hana_T222_OrderEntryPage_Pickup_Payment_Section_MasterCard_Functionality" name="Validate_Hana_T222_OrderEntryPage_Pickup_Payment_Section_MasterCard_Functionality_Test" time="119.740"/>
</testsuite> <!-- com.hanapos.OrderEntry_Alais_PickUp_PhoneOrder_Testcases.Hana_T222_OrderEntryPage_Pickup_Payment_Section_MasterCard_Functionality -->
