<?xml version="1.0" encoding="UTF-8"?>
<!-- Generated by org.testng.reporters.JUnitReportReporter -->
<testsuite hostname="DESKTOP-JEHOL2V" failures="0" tests="1" name="com.hanapos.cashandcarrytest.Hana_T68_Payments_Donation_Payment_Section_FT" time="83.867" errors="0" timestamp="2024-08-17T14:20:34 IST" skipped="0">
  <testcase classname="com.hanapos.cashandcarrytest.Hana_T68_Payments_Donation_Payment_Section_FT" name="Validate_Hana_T68_Payments_Donation_Payment_Test" time="83.867"/>
</testsuite> <!-- com.hanapos.cashandcarrytest.Hana_T68_Payments_Donation_Payment_Section_FT -->
