<?xml version="1.0" encoding="UTF-8"?>
<!-- Generated by org.testng.reporters.JUnitReportReporter -->
<testsuite hostname="DESKTOP-JEHOL2V" failures="0" tests="1" name="com.hanapos.OrderEntry_Alais_PickUp_PhoneOrder_Testcases.Hana_T081_Pickup_Functionality_with_Existing_customer_FT" time="127.244" errors="0" timestamp="2024-08-29T19:00:17 IST" skipped="0">
  <testcase classname="com.hanapos.OrderEntry_Alais_PickUp_PhoneOrder_Testcases.Hana_T081_Pickup_Functionality_with_Existing_customer_FT" name="Validate_Hana_T081_Pickup_Functionality_with_Existing_customer" time="127.244"/>
</testsuite> <!-- com.hanapos.OrderEntry_Alais_PickUp_PhoneOrder_Testcases.Hana_T081_Pickup_Functionality_with_Existing_customer_FT -->
