<?xml version="1.0" encoding="UTF-8"?>
<!-- Generated by org.testng.reporters.JUnitReportReporter -->
<testsuite hostname="DESKTOP-JEHOL2V" failures="0" tests="1" name="com.hanapos.OrderEntry_Alais_PickUp_PhoneOrder_Testcases.Hana_T128_Pickup_CustomerSection_Edit_Customer_CustomerDetails_OrderDetails_ExportToExcel_FT" time="64.587" errors="0" timestamp="2024-09-16T17:15:04 IST" skipped="0">
  <testcase classname="com.hanapos.OrderEntry_Alais_PickUp_PhoneOrder_Testcases.Hana_T128_Pickup_CustomerSection_Edit_Customer_CustomerDetails_OrderDetails_ExportToExcel_FT" name="Validate_Hana_T128_Pickup_CustomerSection_Edit_Customer_CustomerDetails_OrderDetails_ExportToExcel_Functionality_Test" time="64.587"/>
</testsuite> <!-- com.hanapos.OrderEntry_Alais_PickUp_PhoneOrder_Testcases.Hana_T128_Pickup_CustomerSection_Edit_Customer_CustomerDetails_OrderDetails_ExportToExcel_FT -->
