<?xml version="1.0" encoding="UTF-8"?>
<!-- Generated by org.testng.reporters.JUnitReportReporter -->
<testsuite hostname="DESKTOP-JEHOL2V" failures="0" tests="1" name="com.hanapos.OrderEntry_Alais_PickUp_PhoneOrder_Testcases.Hana_T098_Pickup_CustomerSection_Edit_Customer_CustomerDetails_FT" time="217.834" errors="0" timestamp="2024-09-04T12:25:22 IST" skipped="0">
  <testcase classname="com.hanapos.OrderEntry_Alais_PickUp_PhoneOrder_Testcases.Hana_T098_Pickup_CustomerSection_Edit_Customer_CustomerDetails_FT" name="Validate_Hana_T098_Pickup_CustomerSection_Edit_Customer_CustomerDetails_Test" time="217.834"/>
</testsuite> <!-- com.hanapos.OrderEntry_Alais_PickUp_PhoneOrder_Testcases.Hana_T098_Pickup_CustomerSection_Edit_Customer_CustomerDetails_FT -->
