<?xml version="1.0" encoding="UTF-8"?>
<!-- Generated by org.testng.reporters.JUnitReportReporter -->
<testsuite hostname="DESKTOP-JEHOL2V" failures="0" tests="1" name="com.hanapos.cashandcarrytest.Hana_T78_Reconcile_FT" time="70.394" errors="0" timestamp="2024-07-12T11:20:58 IST" skipped="0">
  <testcase classname="com.hanapos.cashandcarrytest.Hana_T78_Reconcile_FT" name="Validate_Hana_T78_Reconcile_Test" time="70.394"/>
</testsuite> <!-- com.hanapos.cashandcarrytest.Hana_T78_Reconcile_FT -->
