<?xml version="1.0" encoding="UTF-8"?>
<!-- Generated by org.testng.reporters.JUnitReportReporter -->
<testsuite hostname="DESKTOP-JEHOL2V" failures="0" tests="1" name="com.hanapos.OrderEntry_Alais_PhoneOrderTest.Hana_T156_OrderEntryPage_Pickup_RecipientSection_ZoneBasedDeliveryFee_FT" time="70.761" errors="0" timestamp="2024-08-05T17:38:13 IST" skipped="0">
  <testcase classname="com.hanapos.OrderEntry_Alais_PhoneOrderTest.Hana_T156_OrderEntryPage_Pickup_RecipientSection_ZoneBasedDeliveryFee_FT" name="Validate_Hana_T156_OrderEntryPage_Pickup_RecipientSection_ZoneBasedDeliveryFee_Functionality_Test" time="70.761"/>
</testsuite> <!-- com.hanapos.OrderEntry_Alais_PhoneOrderTest.Hana_T156_OrderEntryPage_Pickup_RecipientSection_ZoneBasedDeliveryFee_FT -->
