<?xml version="1.0" encoding="UTF-8"?>
<!-- Generated by org.testng.reporters.JUnitReportReporter -->
<testsuite hostname="DESKTOP-JEHOL2V" failures="0" tests="1" name="com.hanapos.OrderEntry_Alais_WireOut_PhoneOrderTest.Hana_T520_OrderEntryPage_WireOut_Functionality_with_New_customer_FT" time="150.158" errors="0" timestamp="2024-08-13T15:58:06 IST" skipped="0">
  <testcase classname="com.hanapos.OrderEntry_Alais_WireOut_PhoneOrderTest.Hana_T520_OrderEntryPage_WireOut_Functionality_with_New_customer_FT" name="Validate_Hana_T520_OrderEntryPage_WireOut_Functionality_with_New_customer_Functionality_Test" time="150.158"/>
</testsuite> <!-- com.hanapos.OrderEntry_Alais_WireOut_PhoneOrderTest.Hana_T520_OrderEntryPage_WireOut_Functionality_with_New_customer_FT -->
