<?xml version="1.0" encoding="UTF-8"?>
<!-- Generated by org.testng.reporters.JUnitReportReporter -->
<testsuite hostname="DESKTOP-JEHOL2V" failures="0" tests="1" name="com.hanapos.OrderEntry_Alais_PhoneOrderTest.Hana_T95_Pickup_CustomerSection_AltPhoneNumberFieldLookup_FT" time="58.670" errors="0" timestamp="2024-07-10T17:51:32 IST" skipped="0">
  <testcase classname="com.hanapos.OrderEntry_Alais_PhoneOrderTest.Hana_T95_Pickup_CustomerSection_AltPhoneNumberFieldLookup_FT" name="Validate_Pickup_CustomerSection_AltPhoneNumberFieldLookup_Test" time="58.670"/>
</testsuite> <!-- com.hanapos.OrderEntry_Alais_PhoneOrderTest.Hana_T95_Pickup_CustomerSection_AltPhoneNumberFieldLookup_FT -->
