<?xml version="1.0" encoding="UTF-8"?>
<!-- Generated by org.testng.reporters.JUnitReportReporter -->
<testsuite hostname="DESKTOP-JEHOL2V" failures="0" tests="7" name="com.hanapos.testCases.TC_001_LoginPage" time="32.544" errors="0" timestamp="2024-06-07T19:32:58 IST" skipped="5">
  <testcase classname="com.hanapos.testCases.TC_001_LoginPage" name="VerifyLoginTest" time="6.369"/>
  <testcase classname="com.hanapos.testCases.TC_001_LoginPage" name="VerifyLoginTest" time="26.175"/>
  <testcase classname="com.hanapos.testCases.TC_001_LoginPage" name="ValidateForgotUsernamePageTest">
    <skipped/>
  </testcase> <!-- ValidateForgotUsernamePageTest -->
  <testcase classname="com.hanapos.testCases.TC_001_LoginPage" name="ValidateLoginPageTitle">
    <skipped/>
  </testcase> <!-- ValidateLoginPageTitle -->
  <testcase classname="com.hanapos.testCases.TC_001_LoginPage" name="VerifyLoginPage">
    <skipped/>
  </testcase> <!-- VerifyLoginPage -->
  <testcase classname="com.hanapos.testCases.TC_001_LoginPage" name="ValidateLoginPageUIElementsPresenceTest">
    <skipped/>
  </testcase> <!-- ValidateLoginPageUIElementsPresenceTest -->
  <testcase classname="com.hanapos.testCases.TC_001_LoginPage" name="ValidateForgotPasswordPageTest">
    <skipped/>
  </testcase> <!-- ValidateForgotPasswordPageTest -->
</testsuite> <!-- com.hanapos.testCases.TC_001_LoginPage -->
