<?xml version="1.0" encoding="UTF-8"?>
<!-- Generated by org.testng.reporters.JUnitReportReporter -->
<testsuite hostname="DESKTOP-JEHOL2V" failures="0" tests="1" name="com.hanapos.OrderEntry_Alais_PickUp_PhoneOrder_Testcases.Hana_T200_OrderEntryPage_Pickup_ProductSection_CreateRecipe_SaveToProduct_Disabled_Functionality" time="111.680" errors="0" timestamp="2024-08-28T18:02:01 IST" skipped="0">
  <testcase classname="com.hanapos.OrderEntry_Alais_PickUp_PhoneOrder_Testcases.Hana_T200_OrderEntryPage_Pickup_ProductSection_CreateRecipe_SaveToProduct_Disabled_Functionality" name="Validate_Hana_T200_OrderEntryPage_Pickup_ProductSection_CreateRecipe_SaveToProduct_Disabled_Functionality_Test" time="111.680"/>
</testsuite> <!-- com.hanapos.OrderEntry_Alais_PickUp_PhoneOrder_Testcases.Hana_T200_OrderEntryPage_Pickup_ProductSection_CreateRecipe_SaveToProduct_Disabled_Functionality -->
