<?xml version="1.0" encoding="UTF-8"?>
<!-- Generated by org.testng.reporters.JUnitReportReporter -->
<testsuite hostname="DESKTOP-JEHOL2V" failures="0" tests="1" name="com.hanapos.cashandcarrytest.Hana_T70_Sales_History_FT" time="73.493" errors="0" timestamp="2024-07-20T17:22:24 IST" skipped="0">
  <testcase classname="com.hanapos.cashandcarrytest.Hana_T70_Sales_History_FT" name="Validate_Hana_T70_Sales_History_Test" time="73.493"/>
</testsuite> <!-- com.hanapos.cashandcarrytest.Hana_T70_Sales_History_FT -->
