<?xml version="1.0" encoding="UTF-8"?>
<!-- Generated by org.testng.reporters.JUnitReportReporter -->
<testsuite hostname="DESKTOP-JEHOL2V" failures="0" tests="1" name="com.hanapos.cashandcarrytest.Hana_T10_WalkinsSetting_CashRegistery_Merchant_Copy_Without_Merchant_Copy_Notes_FT" time="104.828" errors="0" timestamp="2024-07-12T11:20:58 IST" skipped="0">
  <testcase classname="com.hanapos.cashandcarrytest.Hana_T10_WalkinsSetting_CashRegistery_Merchant_Copy_Without_Merchant_Copy_Notes_FT" name="Validate_Hana_T10_WalkinsSetting_CashRegistery_Merchant_Copy_without_Merchant_Copy_Notes_FT" time="104.828"/>
</testsuite> <!-- com.hanapos.cashandcarrytest.Hana_T10_WalkinsSetting_CashRegistery_Merchant_Copy_Without_Merchant_Copy_Notes_FT -->
