<?xml version="1.0" encoding="UTF-8"?>
<!-- Generated by org.testng.reporters.JUnitReportReporter -->
<testsuite hostname="DESKTOP-JEHOL2V" failures="0" tests="1" name="com.hanapos.OrderEntry_Alais_DeliveryType_PhoneOrder_Testcases.Hana_T295_OrderEntryPage_Delivery_CustomerSection_AddressLookup_Functionality" time="67.387" errors="0" timestamp="2024-09-05T09:22:20 IST" skipped="0">
  <testcase classname="com.hanapos.OrderEntry_Alais_DeliveryType_PhoneOrder_Testcases.Hana_T295_OrderEntryPage_Delivery_CustomerSection_AddressLookup_Functionality" name="Validate_Hana_T295_OrderEntryPage_Delivery_CustomerSection_AddressLookup_Functionality_Test" time="67.387"/>
</testsuite> <!-- com.hanapos.OrderEntry_Alais_DeliveryType_PhoneOrder_Testcases.Hana_T295_OrderEntryPage_Delivery_CustomerSection_AddressLookup_Functionality -->
