<?xml version="1.0" encoding="UTF-8"?>
<!-- Generated by org.testng.reporters.JUnitReportReporter -->
<testsuite hostname="DESKTOP-JEHOL2V" failures="0" tests="1" name="com.hanapos.cashandcarrytest.Hana_T02_AddProductWithDiscount_FT" time="88.998" errors="0" timestamp="2024-08-16T19:00:54 IST" skipped="0">
  <testcase classname="com.hanapos.cashandcarrytest.Hana_T02_AddProductWithDiscount_FT" name="Validate_Hana_T02_Add_Product_With_Discount_Test" time="88.998"/>
</testsuite> <!-- com.hanapos.cashandcarrytest.Hana_T02_AddProductWithDiscount_FT -->
