<?xml version="1.0" encoding="UTF-8"?>
<!-- Generated by org.testng.reporters.JUnitReportReporter -->
<testsuite hostname="DESKTOP-JEHOL2V" failures="0" tests="1" name="com.hanapos.OrderEntry_Alais_PickUp_PhoneOrderTest.Hana_T187_OrderEntryPage_Pickup_OrderDetailsSection_Priority_FT" time="205.591" errors="0" timestamp="2024-08-22T12:44:27 IST" skipped="0">
  <testcase classname="com.hanapos.OrderEntry_Alais_PickUp_PhoneOrderTest.Hana_T187_OrderEntryPage_Pickup_OrderDetailsSection_Priority_FT" name="Validate_Hana_T187_OrderEntryPage_Pickup_OrderDetailsSection_Priority_Functionality_Test" time="205.591"/>
</testsuite> <!-- com.hanapos.OrderEntry_Alais_PickUp_PhoneOrderTest.Hana_T187_OrderEntryPage_Pickup_OrderDetailsSection_Priority_FT -->
