<?xml version="1.0" encoding="UTF-8"?>
<!-- Generated by org.testng.reporters.JUnitReportReporter -->
<testsuite hostname="DESKTOP-JEHOL2V" failures="0" tests="1" name="com.hanapos.OrderEntry_Alais_PickUp_PhoneOrder_Testcases.Hana_T205_OrderEntryPage_Pickup_ProductSection_CreateRecipe_Save_Functionality" time="94.533" errors="0" timestamp="2024-08-29T12:26:09 IST" skipped="0">
  <testcase classname="com.hanapos.OrderEntry_Alais_PickUp_PhoneOrder_Testcases.Hana_T205_OrderEntryPage_Pickup_ProductSection_CreateRecipe_Save_Functionality" name="Validate_Hana_T205_OrderEntryPage_Pickup_ProductSection_CreateRecipe_Save_Functionality_Test" time="94.533"/>
</testsuite> <!-- com.hanapos.OrderEntry_Alais_PickUp_PhoneOrder_Testcases.Hana_T205_OrderEntryPage_Pickup_ProductSection_CreateRecipe_Save_Functionality -->
