<?xml version="1.0" encoding="UTF-8"?>
<!-- Generated by org.testng.reporters.JUnitReportReporter -->
<testsuite hostname="DESKTOP-JEHOL2V" failures="0" tests="1" name="com.hanapos.OrderEntry_Alais_PhoneOrderTest.Hana_T96_Pickup_CustomerSection_ClearCustomer_FT" time="61.929" errors="0" timestamp="2024-07-10T18:04:57 IST" skipped="0">
  <testcase classname="com.hanapos.OrderEntry_Alais_PhoneOrderTest.Hana_T96_Pickup_CustomerSection_ClearCustomer_FT" name="Validate_Pickup_CustomerSection_ClearCustomer_Test" time="61.929"/>
</testsuite> <!-- com.hanapos.OrderEntry_Alais_PhoneOrderTest.Hana_T96_Pickup_CustomerSection_ClearCustomer_FT -->
