<?xml version="1.0" encoding="UTF-8"?>
<!-- Generated by org.testng.reporters.JUnitReportReporter -->
<testsuite hostname="DESKTOP-JEHOL2V" failures="0" tests="1" name="com.hanapos.cashandcarrytest.Hana_T37_Add_New_Customer_FT" time="136.619" errors="0" timestamp="2024-08-17T09:18:51 IST" skipped="0">
  <testcase classname="com.hanapos.cashandcarrytest.Hana_T37_Add_New_Customer_FT" name="Validate_Hana_T37_Add_New_Customer_Test" time="136.619"/>
</testsuite> <!-- com.hanapos.cashandcarrytest.Hana_T37_Add_New_Customer_FT -->
