<?xml version="1.0" encoding="UTF-8"?>
<!-- Generated by org.testng.reporters.JUnitReportReporter -->
<testsuite hostname="DESKTOP-JEHOL2V" failures="0" tests="1" name="com.hanapos.CashandCarry_Testcases.Hana_T47_Payments_CreditCard_Manually_Entering_CreditCard_Details_AddNewCard_Functionality_FT" time="75.743" errors="0" timestamp="2024-09-11T18:41:46 IST" skipped="0">
  <testcase classname="com.hanapos.CashandCarry_Testcases.Hana_T47_Payments_CreditCard_Manually_Entering_CreditCard_Details_AddNewCard_Functionality_FT" name="Validate_Hana_T47_Payments_CreditCard_Manually_Entering_CreditCard_Details_AddNewCard_Test" time="75.743"/>
</testsuite> <!-- com.hanapos.CashandCarry_Testcases.Hana_T47_Payments_CreditCard_Manually_Entering_CreditCard_Details_AddNewCard_Functionality_FT -->
