<?xml version="1.0" encoding="UTF-8"?>
<!-- Generated by org.testng.reporters.JUnitReportReporter -->
<testsuite hostname="DESKTOP-JEHOL2V" failures="0" tests="1" name="com.hanapos.CashandCarry_Testcases.Hana_T48_Payments_CreditCard_Manually_Entering_CreditCard_Details_ExistingCard_Functionality_FT" time="55.137" errors="0" timestamp="2024-09-11T18:47:55 IST" skipped="0">
  <testcase classname="com.hanapos.CashandCarry_Testcases.Hana_T48_Payments_CreditCard_Manually_Entering_CreditCard_Details_ExistingCard_Functionality_FT" name="Validate_Hana_T48_Payments_CreditCard_Manually_Entering_CreditCard_Details_ExistingCard_Functionality_Test" time="55.137"/>
</testsuite> <!-- com.hanapos.CashandCarry_Testcases.Hana_T48_Payments_CreditCard_Manually_Entering_CreditCard_Details_ExistingCard_Functionality_FT -->
