<?xml version="1.0" encoding="UTF-8"?>
<!-- Generated by org.testng.reporters.JUnitReportReporter -->
<testsuite hostname="DESKTOP-JEHOL2V" failures="0" tests="1" name="com.hanapos.OrderEntry_Alais_PhoneOrderTest.Hana_T094_Pickup_CustomerSection_PhoneNumberFieldLookup_FT" time="49.056" errors="0" timestamp="2024-07-29T14:36:30 IST" skipped="0">
  <testcase classname="com.hanapos.OrderEntry_Alais_PhoneOrderTest.Hana_T094_Pickup_CustomerSection_PhoneNumberFieldLookup_FT" name="Validate_Hana_T094_Pickup_CustomerSection_PhoneNumberFieldLookup_Test" time="49.056"/>
</testsuite> <!-- com.hanapos.OrderEntry_Alais_PhoneOrderTest.Hana_T094_Pickup_CustomerSection_PhoneNumberFieldLookup_FT -->
