<?xml version="1.0" encoding="UTF-8"?>
<!-- Generated by org.testng.reporters.JUnitReportReporter -->
<testsuite hostname="DESKTOP-JEHOL2V" failures="0" tests="1" name="com.hanapos.OrderEntry_Alais_PickUp_PhoneOrder_Testcases.Hana_T238_OrderEntryPage_Pickup_Payment_Section_Donation_Functionality" time="136.816" errors="0" timestamp="2024-08-30T12:40:28 IST" skipped="0">
  <testcase classname="com.hanapos.OrderEntry_Alais_PickUp_PhoneOrder_Testcases.Hana_T238_OrderEntryPage_Pickup_Payment_Section_Donation_Functionality" name="Validate_Hana_T238_OrderEntryPage_Pickup_Payment_Section_Donation_Functionality_Test" time="136.816"/>
</testsuite> <!-- com.hanapos.OrderEntry_Alais_PickUp_PhoneOrder_Testcases.Hana_T238_OrderEntryPage_Pickup_Payment_Section_Donation_Functionality -->
