<?xml version="1.0" encoding="UTF-8"?>
<!-- Generated by org.testng.reporters.JUnitReportReporter -->
<testsuite hostname="DESKTOP-JEHOL2V" failures="0" tests="1" name="com.hanapos.cashandcarrytest.Hana_T8_WalkingSettings_DeleteCashRegister_FT" time="46.156" errors="0" timestamp="2024-06-13T19:43:40 IST" skipped="0">
  <testcase classname="com.hanapos.cashandcarrytest.Hana_T8_WalkingSettings_DeleteCashRegister_FT" name="ValidateWalkingSettingEditCashRegisterTest" time="46.156"/>
</testsuite> <!-- com.hanapos.cashandcarrytest.Hana_T8_WalkingSettings_DeleteCashRegister_FT -->
