<?xml version="1.0" encoding="UTF-8"?>
<!-- Generated by org.testng.reporters.JUnitReportReporter -->
<testsuite hostname="DESKTOP-JEHOL2V" failures="0" tests="1" name="com.hanapos.cashandcarrytest.Hana_T56_Payments_Invoice_Payment_Section_FT" time="90.113" errors="0" timestamp="2024-08-13T12:37:31 IST" skipped="0">
  <testcase classname="com.hanapos.cashandcarrytest.Hana_T56_Payments_Invoice_Payment_Section_FT" name="Validate_Hana_T56_Payments_Invoice_Payment_Section_Test" time="90.113"/>
</testsuite> <!-- com.hanapos.cashandcarrytest.Hana_T56_Payments_Invoice_Payment_Section_FT -->
