<?xml version="1.0" encoding="UTF-8"?>
<!-- Generated by org.testng.reporters.JUnitReportReporter -->
<testsuite hostname="DESKTOP-JEHOL2V" failures="0" tests="1" name="com.hanapos.cashandcarrytest.Hana_T63_Payments_GiftCard_Payment_Section_Swipe_Card_FT" time="136.683" errors="0" timestamp="2024-08-25T10:25:17 IST" skipped="0">
  <testcase classname="com.hanapos.cashandcarrytest.Hana_T63_Payments_GiftCard_Payment_Section_Swipe_Card_FT" name="Validate_Hana_T63_Payments_GiftCard_Payment_Section_Swipe_Card_Test" time="136.683"/>
</testsuite> <!-- com.hanapos.cashandcarrytest.Hana_T63_Payments_GiftCard_Payment_Section_Swipe_Card_FT -->
