<?xml version="1.0" encoding="UTF-8"?>
<!-- Generated by org.testng.reporters.JUnitReportReporter -->
<testsuite hostname="DESKTOP-JEHOL2V" failures="0" tests="1" name="com.hanapos.cashandcarrytest.Hana_T46_Payments_CreditCard_SwipeCard_FT" time="71.360" errors="0" timestamp="2024-08-17T12:15:16 IST" skipped="0">
  <testcase classname="com.hanapos.cashandcarrytest.Hana_T46_Payments_CreditCard_SwipeCard_FT" name="Validate_Hana_T46_Payments_CreditCard_SwipeCard_Test" time="71.360"/>
</testsuite> <!-- com.hanapos.cashandcarrytest.Hana_T46_Payments_CreditCard_SwipeCard_FT -->
