<?xml version="1.0" encoding="UTF-8"?>
<!-- Generated by org.testng.reporters.JUnitReportReporter -->
<testsuite hostname="DESKTOP-JEHOL2V" failures="0" tests="1" name="com.hanapos.OrderEntry_Alais_DeliveryType_PhoneOrderTest.Hana_T302_Delivery_Functionality_with_Existing_customer_FT" time="139.646" errors="0" timestamp="2024-08-19T17:40:07 IST" skipped="0">
  <testcase classname="com.hanapos.OrderEntry_Alais_DeliveryType_PhoneOrderTest.Hana_T302_Delivery_Functionality_with_Existing_customer_FT" name="Validate_Hana_T302_Delivery_Functionality_with_Existing_customer" time="139.646"/>
</testsuite> <!-- com.hanapos.OrderEntry_Alais_DeliveryType_PhoneOrderTest.Hana_T302_Delivery_Functionality_with_Existing_customer_FT -->
