<?xml version="1.0" encoding="UTF-8"?>
<!-- Generated by org.testng.reporters.JUnitReportReporter -->
<testsuite hostname="DESKTOP-JEHOL2V" failures="0" tests="1" name="com.hanapos.cashandcarrytest.Hana_T14_Add_Product_FT" time="123.829" errors="0" timestamp="2024-07-22T16:25:21 IST" skipped="0">
  <testcase classname="com.hanapos.cashandcarrytest.Hana_T14_Add_Product_FT" name="Validate_Hana_T14_Add_Product_Test" time="123.829"/>
</testsuite> <!-- com.hanapos.cashandcarrytest.Hana_T14_Add_Product_FT -->
