<?xml version="1.0" encoding="UTF-8"?>
<!-- Generated by org.testng.reporters.JUnitReportReporter -->
<testsuite hostname="DESKTOP-JEHOL2V" failures="0" tests="1" name="com.hanapos.OrderEntry_Alais_WireOut_PhoneOrderTest.Hana_T519_OrderEntryPage_WireOut_Functionality_with_Existing_customer_FT" time="116.035" errors="0" timestamp="2024-08-09T13:54:51 IST" skipped="0">
  <testcase classname="com.hanapos.OrderEntry_Alais_WireOut_PhoneOrderTest.Hana_T519_OrderEntryPage_WireOut_Functionality_with_Existing_customer_FT" name="Validate_Hana_T519_OrderEntryPage_WireOut_Functionality_with_Existing_customer_Functionality_Test" time="116.035"/>
</testsuite> <!-- com.hanapos.OrderEntry_Alais_WireOut_PhoneOrderTest.Hana_T519_OrderEntryPage_WireOut_Functionality_with_Existing_customer_FT -->
