<?xml version="1.0" encoding="UTF-8"?>
<!-- Generated by org.testng.reporters.JUnitReportReporter -->
<testsuite hostname="DESKTOP-JEHOL2V" failures="0" tests="1" name="com.hanapos.OrderEntry_Alais_PickUp_PhoneOrder_Testcases.Hana_T244_OrderEntryPage_Pickup_Payment_Section_CreditCard_AddNewCard_Functionality" time="173.907" errors="0" timestamp="2024-09-02T12:29:11 IST" skipped="0">
  <testcase classname="com.hanapos.OrderEntry_Alais_PickUp_PhoneOrder_Testcases.Hana_T244_OrderEntryPage_Pickup_Payment_Section_CreditCard_AddNewCard_Functionality" name="Validate_Hana_T244_OrderEntryPage_Pickup_Payment_Section_CreditCard_AddNewCard_Functionality_Test" time="173.907"/>
</testsuite> <!-- com.hanapos.OrderEntry_Alais_PickUp_PhoneOrder_Testcases.Hana_T244_OrderEntryPage_Pickup_Payment_Section_CreditCard_AddNewCard_Functionality -->
