<?xml version="1.0" encoding="UTF-8"?>
<!-- Generated by org.testng.reporters.JUnitReportReporter -->
<testsuite hostname="DESKTOP-JEHOL2V" failures="0" tests="1" name="com.hanapos.OrderEntry_Alais_PhoneOrderTest.Hana_T82_Pickup_Functionality_with_New_customer_FT" time="154.445" errors="0" timestamp="2024-07-09T19:16:01 IST" skipped="0">
  <testcase classname="com.hanapos.OrderEntry_Alais_PhoneOrderTest.Hana_T82_Pickup_Functionality_with_New_customer_FT" name="Validate_Pickup_Functionality_with_Existing_customer" time="154.445"/>
</testsuite> <!-- com.hanapos.OrderEntry_Alais_PhoneOrderTest.Hana_T82_Pickup_Functionality_with_New_customer_FT -->
