<?xml version="1.0" encoding="UTF-8"?>
<!-- Generated by org.testng.reporters.JUnitReportReporter -->
<testsuite hostname="DESKTOP-JEHOL2V" failures="0" tests="1" name="com.hanapos.OrderEntry_Alais_PickUp_PhoneOrderTest.Hana_T091_Pickup_CustomerSection_FirstNameFieldLookup_FT" time="47.570" errors="0" timestamp="2024-08-26T14:12:07 IST" skipped="0">
  <testcase classname="com.hanapos.OrderEntry_Alais_PickUp_PhoneOrderTest.Hana_T091_Pickup_CustomerSection_FirstNameFieldLookup_FT" name="Validate_Hana_T091_Pickup_CustomerSection_FirstNameFieldLookup_Test" time="47.570"/>
</testsuite> <!-- com.hanapos.OrderEntry_Alais_PickUp_PhoneOrderTest.Hana_T091_Pickup_CustomerSection_FirstNameFieldLookup_FT -->
