<?xml version="1.0" encoding="UTF-8"?>
<!-- Generated by org.testng.reporters.JUnitReportReporter -->
<testsuite hostname="DESKTOP-JEHOL2V" failures="0" tests="1" name="com.hanapos.OrderEntry_Alais_PickUp_PhoneOrderTest.Hana_T183_OrderEntryPage_Pickup_ProductSection_GiftCardSale_popup_Edit_GiftCard_Denominations_Edit_Functionality" time="64.570" errors="0" timestamp="2024-08-21T15:13:02 IST" skipped="0">
  <testcase classname="com.hanapos.OrderEntry_Alais_PickUp_PhoneOrderTest.Hana_T183_OrderEntryPage_Pickup_ProductSection_GiftCardSale_popup_Edit_GiftCard_Denominations_Edit_Functionality" name="Validate_Hana_T177_OrderEntry_Pickup_PaymentSection_GiftCardPayment_Functionality_Test" time="64.570"/>
</testsuite> <!-- com.hanapos.OrderEntry_Alais_PickUp_PhoneOrderTest.Hana_T183_OrderEntryPage_Pickup_ProductSection_GiftCardSale_popup_Edit_GiftCard_Denominations_Edit_Functionality -->
