<?xml version="1.0" encoding="UTF-8"?>
<!-- Generated by org.testng.reporters.JUnitReportReporter -->
<testsuite hostname="DESKTOP-JEHOL2V" failures="0" tests="1" name="com.hanapos.OrderEntry_Alais_DeliveryType_PhoneOrder_Testcases.Hana_T301_OrderEntryPage_Delivery_CustomerSection_ClearCustomer_Functionality" time="58.360" errors="0" timestamp="2024-09-11T19:30:02 IST" skipped="0">
  <testcase classname="com.hanapos.OrderEntry_Alais_DeliveryType_PhoneOrder_Testcases.Hana_T301_OrderEntryPage_Delivery_CustomerSection_ClearCustomer_Functionality" name="Validate_Hana_T301_OrderEntryPage_Delivery_CustomerSection_ClearCustomer_Functionality_Test" time="58.360"/>
</testsuite> <!-- com.hanapos.OrderEntry_Alais_DeliveryType_PhoneOrder_Testcases.Hana_T301_OrderEntryPage_Delivery_CustomerSection_ClearCustomer_Functionality -->
