<?xml version="1.0" encoding="UTF-8"?>
<!-- Generated by org.testng.reporters.JUnitReportReporter -->
<testsuite hostname="DESKTOP-JEHOL2V" failures="0" tests="1" name="com.hanapos.cashandcarrytest.Hana_T9_WalkinsSetting_CashRegistery_Merchant_Copy_with_Merchant_Copy_Notes_FT" time="65.970" errors="0" timestamp="2024-06-14T13:34:26 IST" skipped="0">
  <testcase classname="com.hanapos.cashandcarrytest.Hana_T9_WalkinsSetting_CashRegistery_Merchant_Copy_with_Merchant_Copy_Notes_FT" name="CashRegistery_Merchant_Copy_with_Merchant_Copy_Notes_FT" time="65.970"/>
</testsuite> <!-- com.hanapos.cashandcarrytest.Hana_T9_WalkinsSetting_CashRegistery_Merchant_Copy_with_Merchant_Copy_Notes_FT -->
