<?xml version="1.0" encoding="UTF-8"?>
<!-- Generated by org.testng.reporters.JUnitReportReporter -->
<testsuite hostname="DESKTOP-JEHOL2V" failures="0" tests="1" name="com.hanapos.OrderEntry_Alais_PickUp_PhoneOrder_Testcases.Hana_T223_OrderEntryPage_Pickup_Payment_Section_Paid_Outside_Hana_Functionality" time="122.660" errors="0" timestamp="2024-08-29T17:40:08 IST" skipped="0">
  <testcase classname="com.hanapos.OrderEntry_Alais_PickUp_PhoneOrder_Testcases.Hana_T223_OrderEntryPage_Pickup_Payment_Section_Paid_Outside_Hana_Functionality" name="Validate_Hana_T223_OrderEntryPage_Pickup_Payment_Section_Paid_Outside_Hana_Functionality_Test" time="122.660"/>
</testsuite> <!-- com.hanapos.OrderEntry_Alais_PickUp_PhoneOrder_Testcases.Hana_T223_OrderEntryPage_Pickup_Payment_Section_Paid_Outside_Hana_Functionality -->
