<?xml version="1.0" encoding="UTF-8"?>
<!-- Generated by org.testng.reporters.JUnitReportReporter -->
<testsuite hostname="DESKTOP-JEHOL2V" failures="0" tests="1" name="com.hanapos.cashandcarrytest.Hana_T31_GiftCardSalepopup_Edit_Gift_Card_Denominations_Add_FT" time="47.469" errors="0" timestamp="2024-07-12T11:20:58 IST" skipped="0">
  <testcase classname="com.hanapos.cashandcarrytest.Hana_T31_GiftCardSalepopup_Edit_Gift_Card_Denominations_Add_FT" name="Validate_Hana_T31_GiftCardSalesPopup_EditGiftCardDenomination_AddFunctionalityTest" time="47.469"/>
</testsuite> <!-- com.hanapos.cashandcarrytest.Hana_T31_GiftCardSalepopup_Edit_Gift_Card_Denominations_Add_FT -->
