<?xml version="1.0" encoding="UTF-8"?>
<!-- Generated by org.testng.reporters.JUnitReportReporter -->
<testsuite hostname="DESKTOP-JEHOL2V" failures="0" tests="1" name="com.hanapos.cashandcarrytest.Hana_T69_Add_Product_Without_Customer_FT" time="71.860" errors="0" timestamp="2024-08-23T13:44:11 IST" skipped="0">
  <testcase classname="com.hanapos.cashandcarrytest.Hana_T69_Add_Product_Without_Customer_FT" name="Validate_Hana_T69_Add_Product_Without_Customer_Test" time="71.860"/>
</testsuite> <!-- com.hanapos.cashandcarrytest.Hana_T69_Add_Product_Without_Customer_FT -->
