<?xml version="1.0" encoding="UTF-8"?>
<!-- Generated by org.testng.reporters.JUnitReportReporter -->
<testsuite hostname="DESKTOP-JEHOL2V" failures="0" tests="1" name="com.hanapos.OrderEntry_Alais_DeliveryType_PhoneOrder_Testcases.Hana_T306_OrderEntryPage_Delivery_CustomerSection_Edit_Customer_CustomerDetails_ProfileUpdate_FT" time="219.619" errors="0" timestamp="2024-09-05T10:22:27 IST" skipped="0">
  <testcase classname="com.hanapos.OrderEntry_Alais_DeliveryType_PhoneOrder_Testcases.Hana_T306_OrderEntryPage_Delivery_CustomerSection_Edit_Customer_CustomerDetails_ProfileUpdate_FT" name="Validate_Hana_T098_Pickup_CustomerSection_Edit_Customer_CustomerDetails_Test" time="219.619"/>
</testsuite> <!-- com.hanapos.OrderEntry_Alais_DeliveryType_PhoneOrder_Testcases.Hana_T306_OrderEntryPage_Delivery_CustomerSection_Edit_Customer_CustomerDetails_ProfileUpdate_FT -->
