<?xml version="1.0" encoding="UTF-8"?>
<!-- Generated by org.testng.reporters.JUnitReportReporter -->
<testsuite hostname="DESKTOP-JEHOL2V" failures="0" tests="1" name="com.hanapos.CashandCarry_Testcases.Hana_T28_Gift_Card_FT" time="131.386" errors="0" timestamp="2024-09-10T12:09:19 IST" skipped="0">
  <testcase classname="com.hanapos.CashandCarry_Testcases.Hana_T28_Gift_Card_FT" name="Validate_Hana_T28_GiftCard_Functionality_Test" time="131.386"/>
</testsuite> <!-- com.hanapos.CashandCarry_Testcases.Hana_T28_Gift_Card_FT -->
