<?xml version="1.0" encoding="UTF-8"?>
<!-- Generated by org.testng.reporters.JUnitReportReporter -->
<testsuite hostname="DESKTOP-JEHOL2V" failures="0" tests="1" name="com.hanapos.OrderEntry_Alais_PickUp_PhoneOrderTest.Hana_T115_Pickup_CustomerSection_Edit_Customer_CustomerDetails_UnPaidInvoice_Sorting_FT" time="118.656" errors="0" timestamp="2024-08-26T14:12:07 IST" skipped="0">
  <testcase classname="com.hanapos.OrderEntry_Alais_PickUp_PhoneOrderTest.Hana_T115_Pickup_CustomerSection_Edit_Customer_CustomerDetails_UnPaidInvoice_Sorting_FT" name="Validate_Hana_T115_Pickup_CustomerSection_Edit_Customer_CustomerDetails_UnPaidInvoice_Sorting_Test" time="118.656"/>
</testsuite> <!-- com.hanapos.OrderEntry_Alais_PickUp_PhoneOrderTest.Hana_T115_Pickup_CustomerSection_Edit_Customer_CustomerDetails_UnPaidInvoice_Sorting_FT -->
