<?xml version="1.0" encoding="UTF-8"?>
<!-- Generated by org.testng.reporters.JUnitReportReporter -->
<testsuite hostname="DESKTOP-JEHOL2V" failures="0" tests="1" name="com.hanapos.OrderEntry_Alais_PickUp_PhoneOrder_Testcases.Hana_T112_Pickup_CustomerSection_Edit_Customer_CustomerDetails_UnPaidInvoice_Total_Search_Filter_FT" time="120.135" errors="0" timestamp="2024-09-12T18:18:10 IST" skipped="0">
  <testcase classname="com.hanapos.OrderEntry_Alais_PickUp_PhoneOrder_Testcases.Hana_T112_Pickup_CustomerSection_Edit_Customer_CustomerDetails_UnPaidInvoice_Total_Search_Filter_FT" name="Validate_Hana_T112_Pickup_CustomerSection_Edit_Customer_CustomerDetails_UnPaidInvoice_Total_Search_Filter_Test" time="120.135"/>
</testsuite> <!-- com.hanapos.OrderEntry_Alais_PickUp_PhoneOrder_Testcases.Hana_T112_Pickup_CustomerSection_Edit_Customer_CustomerDetails_UnPaidInvoice_Total_Search_Filter_FT -->
