<?xml version="1.0" encoding="UTF-8"?>
<!-- Generated by org.testng.reporters.JUnitReportReporter -->
<testsuite hostname="DESKTOP-JEHOL2V" failures="0" tests="1" name="com.hanapos.cashandcarrytest.Hana_T51_Payments_Cash_Payment_Section_FT" time="77.554" errors="0" timestamp="2024-08-12T15:59:28 IST" skipped="0">
  <testcase classname="com.hanapos.cashandcarrytest.Hana_T51_Payments_Cash_Payment_Section_FT" name="Validate_Hana_T51_Payments_Cash_Payment_Test" time="77.554"/>
</testsuite> <!-- com.hanapos.cashandcarrytest.Hana_T51_Payments_Cash_Payment_Section_FT -->
