<?xml version="1.0" encoding="UTF-8"?>
<!-- Generated by org.testng.reporters.JUnitReportReporter -->
<testsuite hostname="DESKTOP-JEHOL2V" failures="0" tests="1" name="com.hanapos.cashandcarrytest.Hana_T42_Payment_Convert_Delivery_FT" time="96.339" errors="0" timestamp="2024-07-22T12:04:09 IST" skipped="0">
  <testcase classname="com.hanapos.cashandcarrytest.Hana_T42_Payment_Convert_Delivery_FT" name="Validate_Hana_T42_Payment_Convert_Delivery_Test" time="96.339"/>
</testsuite> <!-- com.hanapos.cashandcarrytest.Hana_T42_Payment_Convert_Delivery_FT -->
