<?xml version="1.0" encoding="UTF-8"?>
<!-- Generated by org.testng.reporters.JUnitReportReporter -->
<testsuite hostname="DESKTOP-JEHOL2V" failures="0" tests="1" name="com.hanapos.OrderEntry_Alais_PickUp_PhoneOrder_Testcases.Hana_T121_Pickup_CustomerSection_Edit_Customer_CustomerDetails_PaymentDetails_PaymentAmountSearchFilter_FT" time="68.952" errors="0" timestamp="2024-09-13T15:47:34 IST" skipped="0">
  <testcase classname="com.hanapos.OrderEntry_Alais_PickUp_PhoneOrder_Testcases.Hana_T121_Pickup_CustomerSection_Edit_Customer_CustomerDetails_PaymentDetails_PaymentAmountSearchFilter_FT" name="Validate_Hana_T121_Pickup_CustomerSection_Edit_Customer_CustomerDetails_PaymentDetails_PaymentAmountSearchFilter_Functionality_Test" time="68.952"/>
</testsuite> <!-- com.hanapos.OrderEntry_Alais_PickUp_PhoneOrder_Testcases.Hana_T121_Pickup_CustomerSection_Edit_Customer_CustomerDetails_PaymentDetails_PaymentAmountSearchFilter_FT -->
