<?xml version="1.0" encoding="UTF-8"?>
<!-- Generated by org.testng.reporters.JUnitReportReporter -->
<testsuite hostname="DESKTOP-JEHOL2V" failures="0" tests="1" name="com.hanapos.OrderEntry_Alais_PhoneOrderTest.Hana_T160_OrderEntry_Pickup_OrderDetailsSection_SendRemainderField_FT" time="147.388" errors="0" timestamp="2024-08-06T18:46:27 IST" skipped="0">
  <testcase classname="com.hanapos.OrderEntry_Alais_PhoneOrderTest.Hana_T160_OrderEntry_Pickup_OrderDetailsSection_SendRemainderField_FT" name="Validate_Hana_T153_Pickup_RecipientSection_AttentionFieldLookup_Functionality_Test" time="147.388"/>
</testsuite> <!-- com.hanapos.OrderEntry_Alais_PhoneOrderTest.Hana_T160_OrderEntry_Pickup_OrderDetailsSection_SendRemainderField_FT -->
