<?xml version="1.0" encoding="UTF-8"?>
<!-- Generated by org.testng.reporters.JUnitReportReporter -->
<testsuite hostname="DESKTOP-JEHOL2V" failures="0" tests="1" name="com.hanapos.OrderEntry_Alais_PhoneOrderTest.Hana_T167_OrderEntry_Pickup_OrderDetailsSection_ShortCode_FT" time="64.514" errors="0" timestamp="2024-08-07T17:33:05 IST" skipped="0">
  <testcase classname="com.hanapos.OrderEntry_Alais_PhoneOrderTest.Hana_T167_OrderEntry_Pickup_OrderDetailsSection_ShortCode_FT" name="Validate_Hana_T167_OrderEntry_Pickup_OrderDetailsSection_ShortCode_Functionality_Test" time="64.514"/>
</testsuite> <!-- com.hanapos.OrderEntry_Alais_PhoneOrderTest.Hana_T167_OrderEntry_Pickup_OrderDetailsSection_ShortCode_FT -->
