<?xml version="1.0" encoding="UTF-8"?>
<!-- Generated by org.testng.reporters.JUnitReportReporter -->
<testsuite hostname="DESKTOP-JEHOL2V" failures="0" tests="1" name="com.hanapos.OrderEntry_Alais_PickUp_PhoneOrderTest.Hana_T193_OrderEntryPage_Pickup_ProductSection_CreateRecipe_SaveAs_Functionality" time="112.547" errors="0" timestamp="2024-08-22T13:41:54 IST" skipped="0">
  <testcase classname="com.hanapos.OrderEntry_Alais_PickUp_PhoneOrderTest.Hana_T193_OrderEntryPage_Pickup_ProductSection_CreateRecipe_SaveAs_Functionality" name="Validate_Hana_T193_OrderEntryPage_Pickup_ProductSection_CreateRecipe_SaveAs_Functionality_Test" time="112.547"/>
</testsuite> <!-- com.hanapos.OrderEntry_Alais_PickUp_PhoneOrderTest.Hana_T193_OrderEntryPage_Pickup_ProductSection_CreateRecipe_SaveAs_Functionality -->
