<?xml version="1.0" encoding="UTF-8"?>
<!-- Generated by org.testng.reporters.JUnitReportReporter -->
<testsuite hostname="DESKTOP-JEHOL2V" failures="0" tests="1" name="com.hanapos.OrderEntry_Alais_PhoneOrderTest.Hana_T085_Pickup_CustomerSection_SearchExistingCustomer_FT" time="64.411" errors="0" timestamp="2024-07-29T14:36:30 IST" skipped="0">
  <testcase classname="com.hanapos.OrderEntry_Alais_PhoneOrderTest.Hana_T085_Pickup_CustomerSection_SearchExistingCustomer_FT" name="Validate_Hana_T085_Pickup_CustomerSection_SearchExistingCustomer_Test" time="64.411"/>
</testsuite> <!-- com.hanapos.OrderEntry_Alais_PhoneOrderTest.Hana_T085_Pickup_CustomerSection_SearchExistingCustomer_FT -->
